2025-07-16 17:53:07,409 - INFO - Found 100 images to process
2025-07-16 17:53:07,411 - INFO - 
========================================
2025-07-16 17:53:07,412 - INFO - Processing page 1/100: UBOBU_UBO8306198_277667_0001.jpg
2025-07-16 17:53:07,412 - INFO - ========================================
2025-07-16 17:53:07,413 - INFO - Use pytorch device_name: cpu
2025-07-16 17:53:07,413 - INFO - Load pretrained SentenceTransformer: clip-ViT-B-32
2025-07-16 17:53:09,164 - INFO - Multimodal model loaded successfully
2025-07-16 17:53:09,535 - INFO - Classification: Back Page
2025-07-16 17:53:09,544 - INFO - Saved results for UBOBU_UBO8306198_277667_0001.jpg
2025-07-16 17:53:09,544 - INFO - 
========================================
2025-07-16 17:53:09,544 - INFO - Processing page 2/100: UBOBU_UBO8306198_277667_0002.jpg
2025-07-16 17:53:09,544 - INFO - ========================================
2025-07-16 17:53:09,815 - INFO - Classification: Back Page
2025-07-16 17:53:09,817 - INFO - Saved results for UBOBU_UBO8306198_277667_0002.jpg
2025-07-16 17:53:09,817 - INFO - 
========================================
2025-07-16 17:53:09,817 - INFO - Processing page 3/100: UBOBU_UBO8306198_277667_0003.jpg
2025-07-16 17:53:09,818 - INFO - ========================================
2025-07-16 17:53:10,169 - INFO - Classification: Internal Page
2025-07-16 17:53:10,169 - INFO - Saved results for UBOBU_UBO8306198_277667_0003.jpg
2025-07-16 17:53:10,169 - INFO - 
========================================
2025-07-16 17:53:10,169 - INFO - Processing page 4/100: UBOBU_UBO8306198_277667_0004.jpg
2025-07-16 17:53:10,169 - INFO - ========================================
2025-07-16 17:53:10,452 - INFO - Classification: Back Page
2025-07-16 17:53:10,463 - INFO - Saved results for UBOBU_UBO8306198_277667_0004.jpg
2025-07-16 17:53:10,463 - INFO - 
========================================
2025-07-16 17:53:10,464 - INFO - Processing page 5/100: UBOBU_UBO8306198_277667_0005.jpg
2025-07-16 17:53:10,464 - INFO - ========================================
2025-07-16 17:53:10,757 - INFO - Classification: Back Page
2025-07-16 17:53:10,760 - INFO - Saved results for UBOBU_UBO8306198_277667_0005.jpg
2025-07-16 17:53:10,760 - INFO - 
========================================
2025-07-16 17:53:10,760 - INFO - Processing page 6/100: UBOBU_UBO8306198_277667_0006.jpg
2025-07-16 17:53:10,760 - INFO - ========================================
2025-07-16 17:53:11,080 - INFO - Classification: Front Page
2025-07-16 17:53:30,633 - WARNING - No date found on front page
2025-07-16 17:53:30,635 - INFO - Saved results for UBOBU_UBO8306198_277667_0006.jpg
2025-07-16 17:53:30,635 - INFO - 
========================================
2025-07-16 17:53:30,635 - INFO - Processing page 7/100: UBOBU_UBO8306198_277667_0007.jpg
2025-07-16 17:53:30,635 - INFO - ========================================
2025-07-16 17:53:30,904 - INFO - Classification: Internal Page
2025-07-16 17:53:30,904 - INFO - Saved results for UBOBU_UBO8306198_277667_0007.jpg
2025-07-16 17:53:30,904 - INFO - 
========================================
2025-07-16 17:53:30,904 - INFO - Processing page 8/100: UBOBU_UBO8306198_277667_0008.jpg
2025-07-16 17:53:30,904 - INFO - ========================================
2025-07-16 17:53:31,179 - INFO - Classification: Front Page
2025-07-16 17:53:45,194 - WARNING - No date found on front page
2025-07-16 17:53:45,194 - INFO - Saved results for UBOBU_UBO8306198_277667_0008.jpg
2025-07-16 17:53:45,194 - INFO - 
========================================
2025-07-16 17:53:45,194 - INFO - Processing page 9/100: UBOBU_UBO8306198_277667_0009.jpg
2025-07-16 17:53:45,194 - INFO - ========================================
2025-07-16 17:53:45,465 - INFO - Classification: Internal Page
2025-07-16 17:53:45,465 - INFO - Saved results for UBOBU_UBO8306198_277667_0009.jpg
2025-07-16 17:53:45,466 - INFO - 
========================================
2025-07-16 17:53:45,466 - INFO - Processing page 10/100: UBOBU_UBO8306198_277667_0010.jpg
2025-07-16 17:53:45,466 - INFO - ========================================
2025-07-16 17:53:45,737 - INFO - Classification: Front Page
2025-07-16 17:53:59,715 - INFO - Found date in full-page scan: 22 Luglio 1946
2025-07-16 17:53:59,715 - INFO - Extracted date: 22 Luglio 1946
2025-07-16 17:53:59,715 - INFO - Validated date: 1946-07-22
2025-07-16 17:53:59,715 - INFO - Saved results for UBOBU_UBO8306198_277667_0010.jpg
2025-07-16 17:53:59,715 - INFO - 
========================================
2025-07-16 17:53:59,715 - INFO - Processing page 11/100: UBOBU_UBO8306198_277667_0011.jpg
2025-07-16 17:53:59,715 - INFO - ========================================
2025-07-16 17:54:00,018 - INFO - Classification: Front Page
2025-07-16 17:54:14,463 - WARNING - No date found on front page
2025-07-16 17:54:14,464 - INFO - Saved results for UBOBU_UBO8306198_277667_0011.jpg
2025-07-16 17:54:14,464 - INFO - 
========================================
2025-07-16 17:54:14,464 - INFO - Processing page 12/100: UBOBU_UBO8306198_277667_0012.jpg
2025-07-16 17:54:14,464 - INFO - ========================================
2025-07-16 17:54:14,724 - INFO - Classification: Front Page
2025-07-16 17:54:15,369 - INFO - Found date in region 1: 25 Luglio 1946
2025-07-16 17:54:15,369 - INFO - Extracted date: 25 Luglio 1946
2025-07-16 17:54:15,369 - INFO - Validated date: 1946-07-25
2025-07-16 17:54:15,369 - INFO - Saved results for UBOBU_UBO8306198_277667_0012.jpg
2025-07-16 17:54:15,369 - INFO - 
========================================
2025-07-16 17:54:15,369 - INFO - Processing page 13/100: UBOBU_UBO8306198_277667_0013.jpg
2025-07-16 17:54:15,369 - INFO - ========================================
2025-07-16 17:54:15,637 - INFO - Classification: Front Page
2025-07-16 17:54:29,366 - WARNING - No date found on front page
2025-07-16 17:54:29,366 - INFO - Saved results for UBOBU_UBO8306198_277667_0013.jpg
2025-07-16 17:54:29,366 - INFO - 
========================================
2025-07-16 17:54:29,366 - INFO - Processing page 14/100: UBOBU_UBO8306198_277667_0014.jpg
2025-07-16 17:54:29,366 - INFO - ========================================
2025-07-16 17:54:29,651 - INFO - Classification: Front Page
2025-07-16 17:54:45,074 - WARNING - No date found on front page
2025-07-16 17:54:45,076 - INFO - Saved results for UBOBU_UBO8306198_277667_0014.jpg
2025-07-16 17:54:45,076 - INFO - 
========================================
2025-07-16 17:54:45,076 - INFO - Processing page 15/100: UBOBU_UBO8306198_277667_0015.jpg
2025-07-16 17:54:45,076 - INFO - ========================================
2025-07-16 17:54:45,432 - INFO - Classification: Front Page
2025-07-16 17:54:47,042 - INFO - Found date in region 1: 22 luglio 1100
2025-07-16 17:54:47,043 - INFO - Extracted date: 22 luglio 1100
2025-07-16 17:54:47,044 - INFO - Saved results for UBOBU_UBO8306198_277667_0015.jpg
2025-07-16 17:54:47,044 - INFO - 
========================================
2025-07-16 17:54:47,044 - INFO - Processing page 16/100: UBOBU_UBO8306198_277667_0016.jpg
2025-07-16 17:54:47,045 - INFO - ========================================
2025-07-16 17:54:47,305 - INFO - Classification: Front Page
2025-07-16 17:54:48,275 - INFO - Found date in region 1: 24 luglio 1946
2025-07-16 17:54:48,275 - INFO - Extracted date: 24 luglio 1946
2025-07-16 17:54:48,275 - INFO - Saved results for UBOBU_UBO8306198_277667_0016.jpg
2025-07-16 17:54:48,275 - INFO - 
========================================
2025-07-16 17:54:48,275 - INFO - Processing page 17/100: UBOBU_UBO8306198_277667_0017.jpg
2025-07-16 17:54:48,275 - INFO - ========================================
2025-07-16 17:54:48,556 - INFO - Classification: Front Page
2025-07-16 17:55:02,977 - WARNING - No date found on front page
2025-07-16 17:55:02,979 - INFO - Saved results for UBOBU_UBO8306198_277667_0017.jpg
2025-07-16 17:55:02,979 - INFO - 
========================================
2025-07-16 17:55:02,979 - INFO - Processing page 18/100: UBOBU_UBO8306198_277667_0018.jpg
2025-07-16 17:55:02,979 - INFO - ========================================
2025-07-16 17:55:03,271 - INFO - Classification: Front Page
2025-07-16 17:55:03,900 - INFO - Found date in region 1: 25 luglio 1946
2025-07-16 17:55:03,900 - INFO - Extracted date: 25 luglio 1946
2025-07-16 17:55:03,900 - INFO - Validated date: 1946-07-25
2025-07-16 17:55:03,900 - INFO - Saved results for UBOBU_UBO8306198_277667_0018.jpg
2025-07-16 17:55:03,900 - INFO - 
========================================
2025-07-16 17:55:03,900 - INFO - Processing page 19/100: UBOBU_UBO8306198_277667_0019.jpg
2025-07-16 17:55:03,900 - INFO - ========================================
2025-07-16 17:55:04,183 - INFO - Classification: Front Page
2025-07-16 17:55:12,410 - WARNING - No date found on front page
2025-07-16 17:55:12,410 - INFO - Saved results for UBOBU_UBO8306198_277667_0019.jpg
2025-07-16 17:55:12,412 - INFO - 
========================================
2025-07-16 17:55:12,412 - INFO - Processing page 20/100: UBOBU_UBO8306198_277667_0020.jpg
2025-07-16 17:55:12,412 - INFO - ========================================
2025-07-16 17:55:12,686 - INFO - Classification: Front Page
2025-07-16 17:55:24,848 - WARNING - No date found on front page
2025-07-16 17:55:24,849 - INFO - Saved results for UBOBU_UBO8306198_277667_0020.jpg
2025-07-16 17:55:24,849 - INFO - 
========================================
2025-07-16 17:55:24,849 - INFO - Processing page 21/100: UBOBU_UBO8306198_277667_0021.jpg
2025-07-16 17:55:24,849 - INFO - ========================================
2025-07-16 17:55:25,146 - INFO - Classification: Internal Page
2025-07-16 17:55:25,146 - INFO - Saved results for UBOBU_UBO8306198_277667_0021.jpg
2025-07-16 17:55:25,146 - INFO - 
========================================
2025-07-16 17:55:25,148 - INFO - Processing page 22/100: UBOBU_UBO8306198_277667_0022.jpg
2025-07-16 17:55:25,148 - INFO - ========================================
2025-07-16 17:55:25,443 - INFO - Classification: Front Page
2025-07-16 17:55:25,917 - INFO - Found date in region 1: 26 Luglio 1946
2025-07-16 17:55:25,917 - INFO - Extracted date: 26 Luglio 1946
2025-07-16 17:55:25,917 - INFO - Validated date: 1946-07-26
2025-07-16 17:55:25,926 - INFO - Saved results for UBOBU_UBO8306198_277667_0022.jpg
2025-07-16 17:55:25,926 - INFO - 
========================================
2025-07-16 17:55:25,926 - INFO - Processing page 23/100: UBOBU_UBO8306198_277667_0023.jpg
2025-07-16 17:55:25,926 - INFO - ========================================
2025-07-16 17:55:26,194 - INFO - Classification: Internal Page
2025-07-16 17:55:26,194 - INFO - Saved results for UBOBU_UBO8306198_277667_0023.jpg
2025-07-16 17:55:26,194 - INFO - 
========================================
2025-07-16 17:55:26,194 - INFO - Processing page 24/100: UBOBU_UBO8306198_277667_0024.jpg
2025-07-16 17:55:26,194 - INFO - ========================================
2025-07-16 17:55:26,502 - INFO - Classification: Front Page
2025-07-16 17:55:26,908 - INFO - Found date in region 1: 27 luglio 1946
2025-07-16 17:55:26,908 - INFO - Extracted date: 27 luglio 1946
2025-07-16 17:55:26,908 - INFO - Validated date: 1946-07-27
2025-07-16 17:55:26,908 - INFO - Saved results for UBOBU_UBO8306198_277667_0024.jpg
2025-07-16 17:55:26,908 - INFO - 
========================================
2025-07-16 17:55:26,908 - INFO - Processing page 25/100: UBOBU_UBO8306198_277667_0025.jpg
2025-07-16 17:55:26,908 - INFO - ========================================
2025-07-16 17:55:27,192 - INFO - Classification: Front Page
2025-07-16 17:55:41,293 - WARNING - No date found on front page
2025-07-16 17:55:41,293 - INFO - Saved results for UBOBU_UBO8306198_277667_0025.jpg
2025-07-16 17:55:41,293 - INFO - 
========================================
2025-07-16 17:55:41,293 - INFO - Processing page 26/100: UBOBU_UBO8306198_277667_0026.jpg
2025-07-16 17:55:41,293 - INFO - ========================================
2025-07-16 17:55:41,713 - INFO - Classification: Front Page
2025-07-16 17:55:43,216 - INFO - Found date in region 1: 28 loglio 1946
2025-07-16 17:55:43,216 - INFO - Extracted date: 28 loglio 1946
2025-07-16 17:55:43,216 - WARNING - Could not parse date string: '28 loglio 1946'
2025-07-16 17:55:43,218 - INFO - Saved results for UBOBU_UBO8306198_277667_0026.jpg
2025-07-16 17:55:43,218 - INFO - 
========================================
2025-07-16 17:55:43,218 - INFO - Processing page 27/100: UBOBU_UBO8306198_277667_0027.jpg
2025-07-16 17:55:43,218 - INFO - ========================================
2025-07-16 17:55:44,219 - INFO - Classification: Front Page
2025-07-16 17:55:54,659 - WARNING - No date found on front page
2025-07-16 17:55:54,664 - INFO - Saved results for UBOBU_UBO8306198_277667_0027.jpg
2025-07-16 17:55:54,664 - INFO - 
========================================
2025-07-16 17:55:54,664 - INFO - Processing page 28/100: UBOBU_UBO8306198_277667_0028.jpg
2025-07-16 17:55:54,664 - INFO - ========================================
2025-07-16 17:55:55,191 - INFO - Classification: Front Page
2025-07-16 17:56:12,859 - WARNING - No date found on front page
2025-07-16 17:56:12,859 - INFO - Saved results for UBOBU_UBO8306198_277667_0028.jpg
2025-07-16 17:56:12,859 - INFO - 
========================================
2025-07-16 17:56:12,859 - INFO - Processing page 29/100: UBOBU_UBO8306198_277667_0029.jpg
2025-07-16 17:56:12,859 - INFO - ========================================
2025-07-16 17:56:13,269 - INFO - Classification: Front Page
2025-07-16 17:56:32,676 - WARNING - No date found on front page
2025-07-16 17:56:32,676 - INFO - Saved results for UBOBU_UBO8306198_277667_0029.jpg
2025-07-16 17:56:32,676 - INFO - 
========================================
2025-07-16 17:56:32,676 - INFO - Processing page 30/100: UBOBU_UBO8306198_277667_0030.jpg
2025-07-16 17:56:32,676 - INFO - ========================================
2025-07-16 17:56:33,123 - INFO - Classification: Front Page
2025-07-16 17:56:33,578 - INFO - Found date in region 1: 29 luglio 1966
2025-07-16 17:56:33,578 - INFO - Extracted date: 29 luglio 1966
2025-07-16 17:56:33,578 - INFO - Saved results for UBOBU_UBO8306198_277667_0030.jpg
2025-07-16 17:56:33,578 - INFO - 
========================================
2025-07-16 17:56:33,578 - INFO - Processing page 31/100: UBOBU_UBO8306198_277667_0031.jpg
2025-07-16 17:56:33,578 - INFO - ========================================
2025-07-16 17:56:34,041 - INFO - Classification: Front Page
2025-07-16 17:56:47,055 - WARNING - No date found on front page
2025-07-16 17:56:47,056 - INFO - Saved results for UBOBU_UBO8306198_277667_0031.jpg
2025-07-16 17:56:47,056 - INFO - 
========================================
2025-07-16 17:56:47,056 - INFO - Processing page 32/100: UBOBU_UBO8306198_277667_0032.jpg
2025-07-16 17:56:47,057 - INFO - ========================================
2025-07-16 17:56:47,337 - INFO - Classification: Front Page
2025-07-16 17:56:48,189 - INFO - Found date in region 2: 30 Luglio 1946
2025-07-16 17:56:48,191 - INFO - Extracted date: 30 Luglio 1946
2025-07-16 17:56:48,191 - INFO - Validated date: 1946-07-30
2025-07-16 17:56:48,191 - INFO - Saved results for UBOBU_UBO8306198_277667_0032.jpg
2025-07-16 17:56:48,191 - INFO - 
========================================
2025-07-16 17:56:48,191 - INFO - Processing page 33/100: UBOBU_UBO8306198_277667_0033.jpg
2025-07-16 17:56:48,191 - INFO - ========================================
2025-07-16 17:56:48,579 - INFO - Classification: Internal Page
2025-07-16 17:56:48,581 - INFO - Saved results for UBOBU_UBO8306198_277667_0033.jpg
2025-07-16 17:56:48,581 - INFO - 
========================================
2025-07-16 17:56:48,582 - INFO - Processing page 34/100: UBOBU_UBO8306198_277667_0034.jpg
2025-07-16 17:56:48,582 - INFO - ========================================
2025-07-16 17:56:48,947 - INFO - Classification: Front Page
2025-07-16 17:57:04,996 - WARNING - No date found on front page
2025-07-16 17:57:04,998 - INFO - Saved results for UBOBU_UBO8306198_277667_0034.jpg
2025-07-16 17:57:04,998 - INFO - 
========================================
2025-07-16 17:57:04,999 - INFO - Processing page 35/100: UBOBU_UBO8306198_277667_0035.jpg
2025-07-16 17:57:04,999 - INFO - ========================================
2025-07-16 17:57:05,450 - INFO - Classification: Front Page
2025-07-16 17:57:26,514 - INFO - Found date in full-page scan: 50 pennaio 1944
2025-07-16 17:57:26,514 - INFO - Extracted date: 50 pennaio 1944
2025-07-16 17:57:26,514 - WARNING - Could not parse date string: '50 pennaio 1944'
2025-07-16 17:57:26,514 - INFO - Saved results for UBOBU_UBO8306198_277667_0035.jpg
2025-07-16 17:57:26,514 - INFO - 
========================================
2025-07-16 17:57:26,514 - INFO - Processing page 36/100: UBOBU_UBO8306198_277667_0036.jpg
2025-07-16 17:57:26,514 - INFO - ========================================
2025-07-16 17:57:26,914 - INFO - Classification: Front Page
2025-07-16 17:57:27,518 - INFO - Found date in region 1: 31 luglio 1946
2025-07-16 17:57:27,518 - INFO - Extracted date: 31 luglio 1946
2025-07-16 17:57:27,518 - INFO - Validated date: 1946-07-31
2025-07-16 17:57:27,518 - INFO - Saved results for UBOBU_UBO8306198_277667_0036.jpg
2025-07-16 17:57:27,518 - INFO - 
========================================
2025-07-16 17:57:27,518 - INFO - Processing page 37/100: UBOBU_UBO8306198_277667_0037.jpg
2025-07-16 17:57:27,518 - INFO - ========================================
2025-07-16 17:57:27,918 - INFO - Classification: Internal Page
2025-07-16 17:57:27,918 - INFO - Saved results for UBOBU_UBO8306198_277667_0037.jpg
2025-07-16 17:57:27,918 - INFO - 
========================================
2025-07-16 17:57:27,918 - INFO - Processing page 38/100: UBOBU_UBO8306198_277667_0038.jpg
2025-07-16 17:57:27,918 - INFO - ========================================
2025-07-16 17:57:28,323 - INFO - Classification: Front Page
2025-07-16 17:57:29,276 - INFO - Found date in region 2: 1 Agosto 1946
2025-07-16 17:57:29,276 - INFO - Extracted date: 1 Agosto 1946
2025-07-16 17:57:29,276 - INFO - Validated date: 1946-08-01
2025-07-16 17:57:29,276 - INFO - Saved results for UBOBU_UBO8306198_277667_0038.jpg
2025-07-16 17:57:29,276 - INFO - 
========================================
2025-07-16 17:57:29,276 - INFO - Processing page 39/100: UBOBU_UBO8306198_277667_0039.jpg
2025-07-16 17:57:29,276 - INFO - ========================================
2025-07-16 17:57:29,763 - INFO - Classification: Front Page
2025-07-16 17:57:49,071 - WARNING - No date found on front page
2025-07-16 17:57:49,073 - INFO - Saved results for UBOBU_UBO8306198_277667_0039.jpg
2025-07-16 17:57:49,074 - INFO - 
========================================
2025-07-16 17:57:49,074 - INFO - Processing page 40/100: UBOBU_UBO8306198_277667_0040.jpg
2025-07-16 17:57:49,075 - INFO - ========================================
2025-07-16 17:57:49,555 - INFO - Classification: Front Page
2025-07-16 17:58:06,417 - WARNING - No date found on front page
2025-07-16 17:58:06,417 - INFO - Saved results for UBOBU_UBO8306198_277667_0040.jpg
2025-07-16 17:58:06,428 - INFO - 
========================================
2025-07-16 17:58:06,428 - INFO - Processing page 41/100: UBOBU_UBO8306198_277667_0041.jpg
2025-07-16 17:58:06,428 - INFO - ========================================
2025-07-16 17:58:06,866 - INFO - Classification: Front Page
2025-07-16 17:58:24,298 - WARNING - No date found on front page
2025-07-16 17:58:24,298 - INFO - Saved results for UBOBU_UBO8306198_277667_0041.jpg
2025-07-16 17:58:24,298 - INFO - 
========================================
2025-07-16 17:58:24,298 - INFO - Processing page 42/100: UBOBU_UBO8306198_277667_0042.jpg
2025-07-16 17:58:24,298 - INFO - ========================================
2025-07-16 17:58:24,725 - INFO - Classification: Front Page
2025-07-16 17:58:25,421 - INFO - Found date in region 1: 2 Agone 1946
2025-07-16 17:58:25,421 - INFO - Extracted date: 2 Agone 1946
2025-07-16 17:58:25,437 - WARNING - Could not parse date string: '2 agone 1946'
2025-07-16 17:58:25,437 - INFO - Saved results for UBOBU_UBO8306198_277667_0042.jpg
2025-07-16 17:58:25,437 - INFO - 
========================================
2025-07-16 17:58:25,437 - INFO - Processing page 43/100: UBOBU_UBO8306198_277667_0043.jpg
2025-07-16 17:58:25,437 - INFO - ========================================
2025-07-16 17:58:25,890 - INFO - Classification: Front Page
2025-07-16 17:58:39,387 - WARNING - No date found on front page
2025-07-16 17:58:39,388 - INFO - Saved results for UBOBU_UBO8306198_277667_0043.jpg
2025-07-16 17:58:39,389 - INFO - 
========================================
2025-07-16 17:58:39,389 - INFO - Processing page 44/100: UBOBU_UBO8306198_277667_0044.jpg
2025-07-16 17:58:39,389 - INFO - ========================================
2025-07-16 17:58:39,933 - INFO - Classification: Internal Page
2025-07-16 17:58:39,935 - INFO - Saved results for UBOBU_UBO8306198_277667_0044.jpg
2025-07-16 17:58:39,935 - INFO - 
========================================
2025-07-16 17:58:39,935 - INFO - Processing page 45/100: UBOBU_UBO8306198_277667_0045.jpg
2025-07-16 17:58:39,935 - INFO - ========================================
2025-07-16 17:58:40,327 - INFO - Classification: Internal Page
2025-07-16 17:58:40,328 - INFO - Saved results for UBOBU_UBO8306198_277667_0045.jpg
2025-07-16 17:58:40,329 - INFO - 
========================================
2025-07-16 17:58:40,329 - INFO - Processing page 46/100: UBOBU_UBO8306198_277667_0046.jpg
2025-07-16 17:58:40,329 - INFO - ========================================
2025-07-16 17:58:40,793 - INFO - Classification: Front Page
2025-07-16 17:58:41,538 - INFO - Found date in region 1: 4 Agomto 1946
2025-07-16 17:58:41,538 - INFO - Extracted date: 4 Agomto 1946
2025-07-16 17:58:41,539 - WARNING - Could not parse date string: '4 agomto 1946'
2025-07-16 17:58:41,541 - INFO - Saved results for UBOBU_UBO8306198_277667_0046.jpg
2025-07-16 17:58:41,541 - INFO - 
========================================
2025-07-16 17:58:41,541 - INFO - Processing page 47/100: UBOBU_UBO8306198_277667_0047.jpg
2025-07-16 17:58:41,542 - INFO - ========================================
2025-07-16 17:58:42,023 - INFO - Classification: Front Page
2025-07-16 17:58:58,365 - WARNING - No date found on front page
2025-07-16 17:58:58,368 - INFO - Saved results for UBOBU_UBO8306198_277667_0047.jpg
2025-07-16 17:58:58,368 - INFO - 
========================================
2025-07-16 17:58:58,368 - INFO - Processing page 48/100: UBOBU_UBO8306198_277667_0048.jpg
2025-07-16 17:58:58,369 - INFO - ========================================
2025-07-16 17:58:58,940 - INFO - Classification: Front Page
2025-07-16 17:59:15,519 - WARNING - No date found on front page
2025-07-16 17:59:15,521 - INFO - Saved results for UBOBU_UBO8306198_277667_0048.jpg
2025-07-16 17:59:15,521 - INFO - 
========================================
2025-07-16 17:59:15,522 - INFO - Processing page 49/100: UBOBU_UBO8306198_277667_0049.jpg
2025-07-16 17:59:15,522 - INFO - ========================================
2025-07-16 17:59:16,053 - INFO - Classification: Front Page
2025-07-16 17:59:34,703 - INFO - Found date in full-page scan: 9 e 1018
2025-07-16 17:59:34,703 - INFO - Extracted date: 9 e 1018
2025-07-16 17:59:34,703 - WARNING - Could not parse date string: '9 e 1018'
2025-07-16 17:59:34,708 - INFO - Saved results for UBOBU_UBO8306198_277667_0049.jpg
2025-07-16 17:59:34,708 - INFO - 
========================================
2025-07-16 17:59:34,708 - INFO - Processing page 50/100: UBOBU_UBO8306198_277667_0050.jpg
2025-07-16 17:59:34,708 - INFO - ========================================
2025-07-16 17:59:35,224 - INFO - Classification: Front Page
2025-07-16 17:59:49,366 - WARNING - No date found on front page
2025-07-16 17:59:49,366 - INFO - Saved results for UBOBU_UBO8306198_277667_0050.jpg
2025-07-16 17:59:49,366 - INFO - 
========================================
2025-07-16 17:59:49,366 - INFO - Processing page 51/100: UBOBU_UBO8306198_277667_0051.jpg
2025-07-16 17:59:49,366 - INFO - ========================================
2025-07-16 17:59:49,678 - INFO - Classification: Internal Page
2025-07-16 17:59:49,680 - INFO - Saved results for UBOBU_UBO8306198_277667_0051.jpg
2025-07-16 17:59:49,680 - INFO - 
========================================
2025-07-16 17:59:49,680 - INFO - Processing page 52/100: UBOBU_UBO8306198_277667_0052.jpg
2025-07-16 17:59:49,680 - INFO - ========================================
2025-07-16 17:59:49,960 - INFO - Classification: Front Page
2025-07-16 18:00:05,470 - INFO - Found date in full-page scan: 5 Agosto 1946
2025-07-16 18:00:05,471 - INFO - Extracted date: 5 Agosto 1946
2025-07-16 18:00:05,471 - INFO - Validated date: 1946-08-05
2025-07-16 18:00:05,474 - INFO - Saved results for UBOBU_UBO8306198_277667_0052.jpg
2025-07-16 18:00:05,475 - INFO - 
========================================
2025-07-16 18:00:05,475 - INFO - Processing page 53/100: UBOBU_UBO8306198_277667_0053.jpg
2025-07-16 18:00:05,476 - INFO - ========================================
2025-07-16 18:00:05,908 - INFO - Classification: Front Page
2025-07-16 18:00:20,747 - WARNING - No date found on front page
2025-07-16 18:00:20,747 - INFO - Saved results for UBOBU_UBO8306198_277667_0053.jpg
2025-07-16 18:00:20,747 - INFO - 
========================================
2025-07-16 18:00:20,747 - INFO - Processing page 54/100: UBOBU_UBO8306198_277667_0054.jpg
2025-07-16 18:00:20,763 - INFO - ========================================
2025-07-16 18:00:21,046 - INFO - Classification: Internal Page
2025-07-16 18:00:21,052 - INFO - Saved results for UBOBU_UBO8306198_277667_0054.jpg
2025-07-16 18:00:21,052 - INFO - 
========================================
2025-07-16 18:00:21,053 - INFO - Processing page 55/100: UBOBU_UBO8306198_277667_0055.jpg
2025-07-16 18:00:21,053 - INFO - ========================================
2025-07-16 18:00:21,345 - INFO - Classification: Front Page
2025-07-16 18:00:34,668 - WARNING - No date found on front page
2025-07-16 18:00:34,668 - INFO - Saved results for UBOBU_UBO8306198_277667_0055.jpg
2025-07-16 18:00:34,668 - INFO - 
========================================
2025-07-16 18:00:34,668 - INFO - Processing page 56/100: UBOBU_UBO8306198_277667_0056.jpg
2025-07-16 18:00:34,668 - INFO - ========================================
2025-07-16 18:00:34,954 - INFO - Classification: Front Page
2025-07-16 18:00:47,212 - WARNING - No date found on front page
2025-07-16 18:00:47,212 - INFO - Saved results for UBOBU_UBO8306198_277667_0056.jpg
2025-07-16 18:00:47,212 - INFO - 
========================================
2025-07-16 18:00:47,212 - INFO - Processing page 57/100: UBOBU_UBO8306198_277667_0057.jpg
2025-07-16 18:00:47,212 - INFO - ========================================
2025-07-16 18:00:47,520 - INFO - Classification: Front Page
2025-07-16 18:01:04,510 - INFO - Found date in full-page scan: 14 omni 0000
2025-07-16 18:01:04,510 - INFO - Extracted date: 14 omni 0000
2025-07-16 18:01:04,510 - WARNING - Could not parse date string: '14 omni 0000'
2025-07-16 18:01:04,512 - INFO - Saved results for UBOBU_UBO8306198_277667_0057.jpg
2025-07-16 18:01:04,512 - INFO - 
========================================
2025-07-16 18:01:04,512 - INFO - Processing page 58/100: UBOBU_UBO8306198_277667_0058.jpg
2025-07-16 18:01:04,512 - INFO - ========================================
2025-07-16 18:01:04,797 - INFO - Classification: Front Page
2025-07-16 18:01:18,170 - INFO - Found date in full-page scan: 7 Agosto 1946
2025-07-16 18:01:18,170 - INFO - Extracted date: 7 Agosto 1946
2025-07-16 18:01:18,170 - INFO - Validated date: 1946-08-07
2025-07-16 18:01:18,175 - INFO - Saved results for UBOBU_UBO8306198_277667_0058.jpg
2025-07-16 18:01:18,175 - INFO - 
========================================
2025-07-16 18:01:18,175 - INFO - Processing page 59/100: UBOBU_UBO8306198_277667_0059.jpg
2025-07-16 18:01:18,175 - INFO - ========================================
2025-07-16 18:01:18,453 - INFO - Classification: Front Page
2025-07-16 18:01:33,583 - WARNING - No date found on front page
2025-07-16 18:01:33,583 - INFO - Saved results for UBOBU_UBO8306198_277667_0059.jpg
2025-07-16 18:01:33,583 - INFO - 
========================================
2025-07-16 18:01:33,583 - INFO - Processing page 60/100: UBOBU_UBO8306198_277667_0060.jpg
2025-07-16 18:01:33,583 - INFO - ========================================
2025-07-16 18:01:33,858 - INFO - Classification: Front Page
2025-07-16 18:01:51,259 - INFO - Found date in full-page scan: 8 Agosto 1946
2025-07-16 18:01:51,259 - INFO - Extracted date: 8 Agosto 1946
2025-07-16 18:01:51,259 - INFO - Validated date: 1946-08-08
2025-07-16 18:01:51,259 - INFO - Saved results for UBOBU_UBO8306198_277667_0060.jpg
2025-07-16 18:01:51,259 - INFO - 
========================================
2025-07-16 18:01:51,259 - INFO - Processing page 61/100: UBOBU_UBO8306198_277667_0061.jpg
2025-07-16 18:01:51,259 - INFO - ========================================
2025-07-16 18:01:51,547 - INFO - Classification: Front Page
2025-07-16 18:02:05,272 - WARNING - No date found on front page
2025-07-16 18:02:05,272 - INFO - Saved results for UBOBU_UBO8306198_277667_0061.jpg
2025-07-16 18:02:05,272 - INFO - 
========================================
2025-07-16 18:02:05,272 - INFO - Processing page 62/100: UBOBU_UBO8306198_277667_0062.jpg
2025-07-16 18:02:05,272 - INFO - ========================================
2025-07-16 18:02:05,559 - INFO - Classification: Front Page
2025-07-16 18:02:17,837 - WARNING - No date found on front page
2025-07-16 18:02:17,839 - INFO - Saved results for UBOBU_UBO8306198_277667_0062.jpg
2025-07-16 18:02:17,839 - INFO - 
========================================
2025-07-16 18:02:17,839 - INFO - Processing page 63/100: UBOBU_UBO8306198_277667_0063.jpg
2025-07-16 18:02:17,839 - INFO - ========================================
2025-07-16 18:02:18,122 - INFO - Classification: Front Page
2025-07-16 18:02:36,064 - WARNING - No date found on front page
2025-07-16 18:02:36,064 - INFO - Saved results for UBOBU_UBO8306198_277667_0063.jpg
2025-07-16 18:02:36,064 - INFO - 
========================================
2025-07-16 18:02:36,064 - INFO - Processing page 64/100: UBOBU_UBO8306198_277667_0064.jpg
2025-07-16 18:02:36,064 - INFO - ========================================
2025-07-16 18:02:36,352 - INFO - Classification: Front Page
2025-07-16 18:02:57,645 - INFO - Found date in full-page scan: 9 Agosto 1946
2025-07-16 18:02:57,655 - INFO - Extracted date: 9 Agosto 1946
2025-07-16 18:02:57,655 - INFO - Validated date: 1946-08-09
2025-07-16 18:02:57,655 - INFO - Saved results for UBOBU_UBO8306198_277667_0064.jpg
2025-07-16 18:02:57,655 - INFO - 
========================================
2025-07-16 18:02:57,655 - INFO - Processing page 65/100: UBOBU_UBO8306198_277667_0065.jpg
2025-07-16 18:02:57,655 - INFO - ========================================
2025-07-16 18:02:57,913 - INFO - Classification: Front Page
2025-07-16 18:03:09,127 - WARNING - No date found on front page
2025-07-16 18:03:09,127 - INFO - Saved results for UBOBU_UBO8306198_277667_0065.jpg
2025-07-16 18:03:09,127 - INFO - 
========================================
2025-07-16 18:03:09,127 - INFO - Processing page 66/100: UBOBU_UBO8306198_277667_0066.jpg
2025-07-16 18:03:09,127 - INFO - ========================================
2025-07-16 18:03:09,391 - INFO - Classification: Front Page
2025-07-16 18:03:24,172 - WARNING - No date found on front page
2025-07-16 18:03:24,172 - INFO - Saved results for UBOBU_UBO8306198_277667_0066.jpg
2025-07-16 18:03:24,172 - INFO - 
========================================
2025-07-16 18:03:24,172 - INFO - Processing page 67/100: UBOBU_UBO8306198_277667_0067.jpg
2025-07-16 18:03:24,172 - INFO - ========================================
2025-07-16 18:03:24,448 - INFO - Classification: Front Page
2025-07-16 18:03:31,433 - WARNING - No date found on front page
2025-07-16 18:03:31,441 - INFO - Saved results for UBOBU_UBO8306198_277667_0067.jpg
2025-07-16 18:03:31,441 - INFO - 
========================================
2025-07-16 18:03:31,441 - INFO - Processing page 68/100: UBOBU_UBO8306198_277667_0068.jpg
2025-07-16 18:03:31,441 - INFO - ========================================
2025-07-16 18:03:31,702 - INFO - Classification: Front Page
2025-07-16 18:03:32,263 - INFO - Found date in region 2: 11 Agosto 1946
2025-07-16 18:03:32,263 - INFO - Extracted date: 11 Agosto 1946
2025-07-16 18:03:32,263 - INFO - Validated date: 1946-08-11
2025-07-16 18:03:32,266 - INFO - Saved results for UBOBU_UBO8306198_277667_0068.jpg
2025-07-16 18:03:32,267 - INFO - 
========================================
2025-07-16 18:03:32,267 - INFO - Processing page 69/100: UBOBU_UBO8306198_277667_0069.jpg
2025-07-16 18:03:32,267 - INFO - ========================================
2025-07-16 18:03:32,558 - INFO - Classification: Front Page
2025-07-16 18:03:43,854 - WARNING - No date found on front page
2025-07-16 18:03:43,854 - INFO - Saved results for UBOBU_UBO8306198_277667_0069.jpg
2025-07-16 18:03:43,854 - INFO - 
========================================
2025-07-16 18:03:43,854 - INFO - Processing page 70/100: UBOBU_UBO8306198_277667_0070.jpg
2025-07-16 18:03:43,854 - INFO - ========================================
2025-07-16 18:03:44,146 - INFO - Classification: Front Page
2025-07-16 18:03:57,425 - WARNING - No date found on front page
2025-07-16 18:03:57,439 - INFO - Saved results for UBOBU_UBO8306198_277667_0070.jpg
2025-07-16 18:03:57,439 - INFO - 
========================================
2025-07-16 18:03:57,439 - INFO - Processing page 71/100: UBOBU_UBO8306198_277667_0071.jpg
2025-07-16 18:03:57,440 - INFO - ========================================
2025-07-16 18:03:57,715 - INFO - Classification: Front Page
2025-07-16 18:04:09,401 - WARNING - No date found on front page
2025-07-16 18:04:09,401 - INFO - Saved results for UBOBU_UBO8306198_277667_0071.jpg
2025-07-16 18:04:09,401 - INFO - 
========================================
2025-07-16 18:04:09,401 - INFO - Processing page 72/100: UBOBU_UBO8306198_277667_0072.jpg
2025-07-16 18:04:09,401 - INFO - ========================================
2025-07-16 18:04:09,671 - INFO - Classification: Front Page
2025-07-16 18:04:10,088 - INFO - Found date in region 1: 12 Agosto 1946
2025-07-16 18:04:10,088 - INFO - Extracted date: 12 Agosto 1946
2025-07-16 18:04:10,088 - INFO - Validated date: 1946-08-12
2025-07-16 18:04:10,088 - INFO - Saved results for UBOBU_UBO8306198_277667_0072.jpg
2025-07-16 18:04:10,088 - INFO - 
========================================
2025-07-16 18:04:10,101 - INFO - Processing page 73/100: UBOBU_UBO8306198_277667_0073.jpg
2025-07-16 18:04:10,101 - INFO - ========================================
2025-07-16 18:04:10,432 - INFO - Classification: Front Page
2025-07-16 18:04:19,419 - WARNING - No date found on front page
2025-07-16 18:04:19,419 - INFO - Saved results for UBOBU_UBO8306198_277667_0073.jpg
2025-07-16 18:04:19,419 - INFO - 
========================================
2025-07-16 18:04:19,419 - INFO - Processing page 74/100: UBOBU_UBO8306198_277667_0074.jpg
2025-07-16 18:04:19,419 - INFO - ========================================
2025-07-16 18:04:19,675 - INFO - Classification: Front Page
2025-07-16 18:04:20,543 - INFO - Found date in region 2: 15 Agorio 1946
2025-07-16 18:04:20,543 - INFO - Extracted date: 15 Agorio 1946
2025-07-16 18:04:20,543 - WARNING - Could not parse date string: '15 agorio 1946'
2025-07-16 18:04:20,543 - INFO - Saved results for UBOBU_UBO8306198_277667_0074.jpg
2025-07-16 18:04:20,543 - INFO - 
========================================
2025-07-16 18:04:20,543 - INFO - Processing page 75/100: UBOBU_UBO8306198_277667_0075.jpg
2025-07-16 18:04:20,543 - INFO - ========================================
2025-07-16 18:04:20,810 - INFO - Classification: Front Page
2025-07-16 18:04:33,172 - WARNING - No date found on front page
2025-07-16 18:04:33,172 - INFO - Saved results for UBOBU_UBO8306198_277667_0075.jpg
2025-07-16 18:04:33,172 - INFO - 
========================================
2025-07-16 18:04:33,172 - INFO - Processing page 76/100: UBOBU_UBO8306198_277667_0076.jpg
2025-07-16 18:04:33,172 - INFO - ========================================
2025-07-16 18:04:33,460 - INFO - Classification: Front Page
2025-07-16 18:04:34,107 - INFO - Found date in region 1: 14 Agosio 1946
2025-07-16 18:04:34,107 - INFO - Extracted date: 14 Agosio 1946
2025-07-16 18:04:34,107 - WARNING - Could not parse date string: '14 agosio 1946'
2025-07-16 18:04:34,107 - INFO - Saved results for UBOBU_UBO8306198_277667_0076.jpg
2025-07-16 18:04:34,107 - INFO - 
========================================
2025-07-16 18:04:34,107 - INFO - Processing page 77/100: UBOBU_UBO8306198_277667_0077.jpg
2025-07-16 18:04:34,122 - INFO - ========================================
2025-07-16 18:04:34,406 - INFO - Classification: Front Page
2025-07-16 18:04:42,572 - WARNING - No date found on front page
2025-07-16 18:04:42,584 - INFO - Saved results for UBOBU_UBO8306198_277667_0077.jpg
2025-07-16 18:04:42,584 - INFO - 
========================================
2025-07-16 18:04:42,584 - INFO - Processing page 78/100: UBOBU_UBO8306198_277667_0078.jpg
2025-07-16 18:04:42,584 - INFO - ========================================
2025-07-16 18:04:42,840 - INFO - Classification: Front Page
2025-07-16 18:04:43,367 - INFO - Found date in region 1: 15 Agosto 1946
2025-07-16 18:04:43,367 - INFO - Extracted date: 15 Agosto 1946
2025-07-16 18:04:43,367 - INFO - Validated date: 1946-08-15
2025-07-16 18:04:43,367 - INFO - Saved results for UBOBU_UBO8306198_277667_0078.jpg
2025-07-16 18:04:43,367 - INFO - 
========================================
2025-07-16 18:04:43,367 - INFO - Processing page 79/100: UBOBU_UBO8306198_277667_0079.jpg
2025-07-16 18:04:43,367 - INFO - ========================================
2025-07-16 18:04:43,640 - INFO - Classification: Front Page
2025-07-16 18:04:54,970 - INFO - Found date in full-page scan: 6 aprile 1046
2025-07-16 18:04:54,970 - INFO - Extracted date: 6 aprile 1046
2025-07-16 18:04:54,970 - INFO - Saved results for UBOBU_UBO8306198_277667_0079.jpg
2025-07-16 18:04:54,970 - INFO - 
========================================
2025-07-16 18:04:54,970 - INFO - Processing page 80/100: UBOBU_UBO8306198_277667_0080.jpg
2025-07-16 18:04:54,970 - INFO - ========================================
2025-07-16 18:04:55,260 - INFO - Classification: Front Page
2025-07-16 18:05:12,077 - INFO - Found date in full-page scan: 10 giugno 1800
2025-07-16 18:05:12,077 - INFO - Extracted date: 10 giugno 1800
2025-07-16 18:05:12,080 - INFO - Saved results for UBOBU_UBO8306198_277667_0080.jpg
2025-07-16 18:05:12,081 - INFO - 
========================================
2025-07-16 18:05:12,081 - INFO - Processing page 81/100: UBOBU_UBO8306198_277667_0081.jpg
2025-07-16 18:05:12,081 - INFO - ========================================
2025-07-16 18:05:12,366 - INFO - Classification: Front Page
2025-07-16 18:05:27,047 - INFO - Found date in full-page scan: 5 ottobre 1945
2025-07-16 18:05:27,049 - INFO - Extracted date: 5 ottobre 1945
2025-07-16 18:05:27,051 - INFO - Saved results for UBOBU_UBO8306198_277667_0081.jpg
2025-07-16 18:05:27,051 - INFO - 
========================================
2025-07-16 18:05:27,051 - INFO - Processing page 82/100: UBOBU_UBO8306198_277667_0082.jpg
2025-07-16 18:05:27,051 - INFO - ========================================
2025-07-16 18:05:27,328 - INFO - Classification: Front Page
2025-07-16 18:05:44,416 - INFO - Found date in full-page scan: 14 dicembre 1548
2025-07-16 18:05:44,417 - INFO - Extracted date: 14 dicembre 1548
2025-07-16 18:05:44,419 - INFO - Saved results for UBOBU_UBO8306198_277667_0082.jpg
2025-07-16 18:05:44,419 - INFO - 
========================================
2025-07-16 18:05:44,420 - INFO - Processing page 83/100: UBOBU_UBO8306198_277667_0083.jpg
2025-07-16 18:05:44,420 - INFO - ========================================
2025-07-16 18:05:44,683 - INFO - Classification: Front Page
2025-07-16 18:05:49,980 - WARNING - No date found on front page
2025-07-16 18:05:49,980 - INFO - Saved results for UBOBU_UBO8306198_277667_0083.jpg
2025-07-16 18:05:49,980 - INFO - 
========================================
2025-07-16 18:05:49,980 - INFO - Processing page 84/100: UBOBU_UBO8306198_277667_0084.jpg
2025-07-16 18:05:49,980 - INFO - ========================================
2025-07-16 18:05:50,259 - INFO - Classification: Front Page
2025-07-16 18:06:07,767 - INFO - Found date in full-page scan: 18 Agosto 1946
2025-07-16 18:06:07,767 - INFO - Extracted date: 18 Agosto 1946
2025-07-16 18:06:07,767 - INFO - Validated date: 1946-08-18
2025-07-16 18:06:07,767 - INFO - Saved results for UBOBU_UBO8306198_277667_0084.jpg
2025-07-16 18:06:07,767 - INFO - 
========================================
2025-07-16 18:06:07,767 - INFO - Processing page 85/100: UBOBU_UBO8306198_277667_0085.jpg
2025-07-16 18:06:07,767 - INFO - ========================================
2025-07-16 18:06:08,033 - INFO - Classification: Front Page
2025-07-16 18:06:16,088 - WARNING - No date found on front page
2025-07-16 18:06:16,091 - INFO - Saved results for UBOBU_UBO8306198_277667_0085.jpg
2025-07-16 18:06:16,091 - INFO - 
========================================
2025-07-16 18:06:16,092 - INFO - Processing page 86/100: UBOBU_UBO8306198_277667_0086.jpg
2025-07-16 18:06:16,092 - INFO - ========================================
2025-07-16 18:06:16,361 - INFO - Classification: Front Page
2025-07-16 18:06:25,623 - WARNING - No date found on front page
2025-07-16 18:06:25,630 - INFO - Saved results for UBOBU_UBO8306198_277667_0086.jpg
2025-07-16 18:06:25,630 - INFO - 
========================================
2025-07-16 18:06:25,630 - INFO - Processing page 87/100: UBOBU_UBO8306198_277667_0087.jpg
2025-07-16 18:06:25,630 - INFO - ========================================
2025-07-16 18:06:25,885 - INFO - Classification: Front Page
2025-07-16 18:06:40,874 - INFO - Found date in full-page scan: 15 febbraio 1936
2025-07-16 18:06:40,874 - INFO - Extracted date: 15 febbraio 1936
2025-07-16 18:06:40,874 - INFO - Saved results for UBOBU_UBO8306198_277667_0087.jpg
2025-07-16 18:06:40,874 - INFO - 
========================================
2025-07-16 18:06:40,874 - INFO - Processing page 88/100: UBOBU_UBO8306198_277667_0088.jpg
2025-07-16 18:06:40,874 - INFO - ========================================
2025-07-16 18:06:41,147 - INFO - Classification: Front Page
2025-07-16 18:06:54,376 - WARNING - No date found on front page
2025-07-16 18:06:54,378 - INFO - Saved results for UBOBU_UBO8306198_277667_0088.jpg
2025-07-16 18:06:54,379 - INFO - 
========================================
2025-07-16 18:06:54,379 - INFO - Processing page 89/100: UBOBU_UBO8306198_277667_0089.jpg
2025-07-16 18:06:54,379 - INFO - ========================================
2025-07-16 18:06:54,704 - INFO - Classification: Front Page
2025-07-16 18:06:59,474 - WARNING - No date found on front page
2025-07-16 18:06:59,474 - INFO - Saved results for UBOBU_UBO8306198_277667_0089.jpg
2025-07-16 18:06:59,474 - INFO - 
========================================
2025-07-16 18:06:59,474 - INFO - Processing page 90/100: UBOBU_UBO8306198_277667_0090.jpg
2025-07-16 18:06:59,474 - INFO - ========================================
2025-07-16 18:06:59,830 - INFO - Classification: Front Page
2025-07-16 18:07:16,326 - INFO - Found date in full-page scan: 2 a 3000
2025-07-16 18:07:16,326 - INFO - Extracted date: 2 a 3000
2025-07-16 18:07:16,327 - WARNING - Could not parse date string: '2 a 3000'
2025-07-16 18:07:16,329 - INFO - Saved results for UBOBU_UBO8306198_277667_0090.jpg
2025-07-16 18:07:16,329 - INFO - 
========================================
2025-07-16 18:07:16,329 - INFO - Processing page 91/100: UBOBU_UBO8306198_277667_0091.jpg
2025-07-16 18:07:16,330 - INFO - ========================================
2025-07-16 18:07:16,618 - INFO - Classification: Front Page
2025-07-16 18:07:21,731 - WARNING - No date found on front page
2025-07-16 18:07:21,741 - INFO - Saved results for UBOBU_UBO8306198_277667_0091.jpg
2025-07-16 18:07:21,741 - INFO - 
========================================
2025-07-16 18:07:21,741 - INFO - Processing page 92/100: UBOBU_UBO8306198_277667_0092.jpg
2025-07-16 18:07:21,741 - INFO - ========================================
2025-07-16 18:07:22,000 - INFO - Classification: Front Page
2025-07-16 18:07:22,523 - INFO - Found date in region 1: 2 Agonte 1916
2025-07-16 18:07:22,523 - INFO - Extracted date: 2 Agonte 1916
2025-07-16 18:07:22,524 - WARNING - Could not parse date string: '2 agonte 1916'
2025-07-16 18:07:22,525 - INFO - Saved results for UBOBU_UBO8306198_277667_0092.jpg
2025-07-16 18:07:22,526 - INFO - 
========================================
2025-07-16 18:07:22,526 - INFO - Processing page 93/100: UBOBU_UBO8306198_277667_0093.jpg
2025-07-16 18:07:22,526 - INFO - ========================================
2025-07-16 18:07:22,776 - INFO - Classification: Front Page
2025-07-16 18:07:35,450 - WARNING - No date found on front page
2025-07-16 18:07:35,450 - INFO - Saved results for UBOBU_UBO8306198_277667_0093.jpg
2025-07-16 18:07:35,450 - INFO - 
========================================
2025-07-16 18:07:35,450 - INFO - Processing page 94/100: UBOBU_UBO8306198_277667_0094.jpg
2025-07-16 18:07:35,450 - INFO - ========================================
2025-07-16 18:07:35,728 - INFO - Classification: Front Page
2025-07-16 18:07:36,486 - INFO - Found date in region 2: 22 Agosto 1946
2025-07-16 18:07:36,486 - INFO - Extracted date: 22 Agosto 1946
2025-07-16 18:07:36,486 - INFO - Validated date: 1946-08-22
2025-07-16 18:07:36,486 - INFO - Saved results for UBOBU_UBO8306198_277667_0094.jpg
2025-07-16 18:07:36,486 - INFO - 
========================================
2025-07-16 18:07:36,486 - INFO - Processing page 95/100: UBOBU_UBO8306198_277667_0095.jpg
2025-07-16 18:07:36,486 - INFO - ========================================
2025-07-16 18:07:36,813 - INFO - Classification: Front Page
2025-07-16 18:07:43,843 - WARNING - No date found on front page
2025-07-16 18:07:43,843 - INFO - Saved results for UBOBU_UBO8306198_277667_0095.jpg
2025-07-16 18:07:43,843 - INFO - 
========================================
2025-07-16 18:07:43,843 - INFO - Processing page 96/100: UBOBU_UBO8306198_277667_0096.jpg
2025-07-16 18:07:43,843 - INFO - ========================================
2025-07-16 18:07:44,121 - INFO - Classification: Front Page
2025-07-16 18:07:56,134 - WARNING - No date found on front page
2025-07-16 18:07:56,136 - INFO - Saved results for UBOBU_UBO8306198_277667_0096.jpg
2025-07-16 18:07:56,137 - INFO - 
========================================
2025-07-16 18:07:56,137 - INFO - Processing page 97/100: UBOBU_UBO8306198_277667_0097.jpg
2025-07-16 18:07:56,137 - INFO - ========================================
2025-07-16 18:07:56,552 - INFO - Classification: Front Page
2025-07-16 18:08:17,998 - WARNING - No date found on front page
2025-07-16 18:08:18,000 - INFO - Saved results for UBOBU_UBO8306198_277667_0097.jpg
2025-07-16 18:08:18,001 - INFO - 
========================================
2025-07-16 18:08:18,001 - INFO - Processing page 98/100: UBOBU_UBO8306198_277667_0098.jpg
2025-07-16 18:08:18,001 - INFO - ========================================
2025-07-16 18:08:18,466 - INFO - Classification: Front Page
2025-07-16 18:08:37,531 - INFO - Found date in full-page scan: 25 Agosto 1946
2025-07-16 18:08:37,531 - INFO - Extracted date: 25 Agosto 1946
2025-07-16 18:08:37,532 - INFO - Validated date: 1946-08-25
2025-07-16 18:08:37,534 - INFO - Saved results for UBOBU_UBO8306198_277667_0098.jpg
2025-07-16 18:08:37,534 - INFO - 
========================================
2025-07-16 18:08:37,534 - INFO - Processing page 99/100: UBOBU_UBO8306198_277667_0099.jpg
2025-07-16 18:08:37,534 - INFO - ========================================
2025-07-16 18:08:37,808 - INFO - Classification: Front Page
2025-07-16 18:08:47,446 - WARNING - No date found on front page
2025-07-16 18:08:47,448 - INFO - Saved results for UBOBU_UBO8306198_277667_0099.jpg
2025-07-16 18:08:47,448 - INFO - 
========================================
2025-07-16 18:08:47,449 - INFO - Processing page 100/100: UBOBU_UBO8306198_277667_0100.jpg
2025-07-16 18:08:47,449 - INFO - ========================================
2025-07-16 18:08:47,841 - INFO - Classification: Front Page
2025-07-16 18:08:48,625 - INFO - Found date in region 1: 24 Agonto 1946
2025-07-16 18:08:48,626 - INFO - Extracted date: 24 Agonto 1946
2025-07-16 18:08:48,626 - WARNING - Could not parse date string: '24 agonto 1946'
2025-07-16 18:08:48,628 - INFO - Saved results for UBOBU_UBO8306198_277667_0100.jpg
2025-07-16 18:08:48,628 - INFO - 
Processing complete!
2025-07-16 18:08:48,629 - INFO - Results saved to: output\imgs_results.json
2025-07-16 18:08:48,640 - INFO - Loaded 100 existing records
2025-07-16 18:08:48,647 - INFO - Found 100 images to process
2025-07-16 18:08:48,647 - INFO - Skipping already processed: UBOBU_UBO8306198_277667_0001.jpg
2025-07-16 18:08:48,647 - INFO - Skipping already processed: UBOBU_UBO8306198_277667_0002.jpg
2025-07-16 18:08:48,647 - INFO - Skipping already processed: UBOBU_UBO8306198_277667_0003.jpg
2025-07-16 18:08:48,655 - INFO - Skipping already processed: UBOBU_UBO8306198_277667_0004.jpg
2025-07-16 18:08:48,655 - INFO - Skipping already processed: UBOBU_UBO8306198_277667_0005.jpg
2025-07-16 18:08:48,655 - INFO - Skipping already processed: UBOBU_UBO8306198_277667_0006.jpg
2025-07-16 18:08:48,655 - INFO - Skipping already processed: UBOBU_UBO8306198_277667_0007.jpg
2025-07-16 18:08:48,655 - INFO - Skipping already processed: UBOBU_UBO8306198_277667_0008.jpg
2025-07-16 18:08:48,655 - INFO - Skipping already processed: UBOBU_UBO8306198_277667_0009.jpg
2025-07-16 18:08:48,656 - INFO - Skipping already processed: UBOBU_UBO8306198_277667_0010.jpg
2025-07-16 18:08:48,656 - INFO - Skipping already processed: UBOBU_UBO8306198_277667_0011.jpg
2025-07-16 18:08:48,656 - INFO - Skipping already processed: UBOBU_UBO8306198_277667_0012.jpg
2025-07-16 18:08:48,656 - INFO - Skipping already processed: UBOBU_UBO8306198_277667_0013.jpg
2025-07-16 18:08:48,656 - INFO - Skipping already processed: UBOBU_UBO8306198_277667_0014.jpg
2025-07-16 18:08:48,657 - INFO - Skipping already processed: UBOBU_UBO8306198_277667_0015.jpg
2025-07-16 18:08:48,657 - INFO - Skipping already processed: UBOBU_UBO8306198_277667_0016.jpg
2025-07-16 18:08:48,657 - INFO - Skipping already processed: UBOBU_UBO8306198_277667_0017.jpg
2025-07-16 18:08:48,657 - INFO - Skipping already processed: UBOBU_UBO8306198_277667_0018.jpg
2025-07-16 18:08:48,658 - INFO - Skipping already processed: UBOBU_UBO8306198_277667_0019.jpg
2025-07-16 18:08:48,658 - INFO - Skipping already processed: UBOBU_UBO8306198_277667_0020.jpg
2025-07-16 18:08:48,658 - INFO - Skipping already processed: UBOBU_UBO8306198_277667_0021.jpg
2025-07-16 18:08:48,658 - INFO - Skipping already processed: UBOBU_UBO8306198_277667_0022.jpg
2025-07-16 18:08:48,659 - INFO - Skipping already processed: UBOBU_UBO8306198_277667_0023.jpg
2025-07-16 18:08:48,659 - INFO - Skipping already processed: UBOBU_UBO8306198_277667_0024.jpg
2025-07-16 18:08:48,660 - INFO - Skipping already processed: UBOBU_UBO8306198_277667_0025.jpg
2025-07-16 18:08:48,660 - INFO - Skipping already processed: UBOBU_UBO8306198_277667_0026.jpg
2025-07-16 18:08:48,660 - INFO - Skipping already processed: UBOBU_UBO8306198_277667_0027.jpg
2025-07-16 18:08:48,660 - INFO - Skipping already processed: UBOBU_UBO8306198_277667_0028.jpg
2025-07-16 18:08:48,660 - INFO - Skipping already processed: UBOBU_UBO8306198_277667_0029.jpg
2025-07-16 18:08:48,660 - INFO - Skipping already processed: UBOBU_UBO8306198_277667_0030.jpg
2025-07-16 18:08:48,660 - INFO - Skipping already processed: UBOBU_UBO8306198_277667_0031.jpg
2025-07-16 18:08:48,660 - INFO - Skipping already processed: UBOBU_UBO8306198_277667_0032.jpg
2025-07-16 18:08:48,660 - INFO - Skipping already processed: UBOBU_UBO8306198_277667_0033.jpg
2025-07-16 18:08:48,660 - INFO - Skipping already processed: UBOBU_UBO8306198_277667_0034.jpg
2025-07-16 18:08:48,660 - INFO - Skipping already processed: UBOBU_UBO8306198_277667_0035.jpg
2025-07-16 18:08:48,660 - INFO - Skipping already processed: UBOBU_UBO8306198_277667_0036.jpg
2025-07-16 18:08:48,660 - INFO - Skipping already processed: UBOBU_UBO8306198_277667_0037.jpg
2025-07-16 18:08:48,660 - INFO - Skipping already processed: UBOBU_UBO8306198_277667_0038.jpg
2025-07-16 18:08:48,663 - INFO - Skipping already processed: UBOBU_UBO8306198_277667_0039.jpg
2025-07-16 18:08:48,663 - INFO - Skipping already processed: UBOBU_UBO8306198_277667_0040.jpg
2025-07-16 18:08:48,663 - INFO - Skipping already processed: UBOBU_UBO8306198_277667_0041.jpg
2025-07-16 18:08:48,663 - INFO - Skipping already processed: UBOBU_UBO8306198_277667_0042.jpg
2025-07-16 18:08:48,663 - INFO - Skipping already processed: UBOBU_UBO8306198_277667_0043.jpg
2025-07-16 18:08:48,665 - INFO - Skipping already processed: UBOBU_UBO8306198_277667_0044.jpg
2025-07-16 18:08:48,665 - INFO - Skipping already processed: UBOBU_UBO8306198_277667_0045.jpg
2025-07-16 18:08:48,665 - INFO - Skipping already processed: UBOBU_UBO8306198_277667_0046.jpg
2025-07-16 18:08:48,665 - INFO - Skipping already processed: UBOBU_UBO8306198_277667_0047.jpg
2025-07-16 18:08:48,665 - INFO - Skipping already processed: UBOBU_UBO8306198_277667_0048.jpg
2025-07-16 18:08:48,665 - INFO - Skipping already processed: UBOBU_UBO8306198_277667_0049.jpg
2025-07-16 18:08:48,666 - INFO - Skipping already processed: UBOBU_UBO8306198_277667_0050.jpg
2025-07-16 18:08:48,666 - INFO - Skipping already processed: UBOBU_UBO8306198_277667_0051.jpg
2025-07-16 18:08:48,666 - INFO - Skipping already processed: UBOBU_UBO8306198_277667_0052.jpg
2025-07-16 18:08:48,666 - INFO - Skipping already processed: UBOBU_UBO8306198_277667_0053.jpg
2025-07-16 18:08:48,667 - INFO - Skipping already processed: UBOBU_UBO8306198_277667_0054.jpg
2025-07-16 18:08:48,667 - INFO - Skipping already processed: UBOBU_UBO8306198_277667_0055.jpg
2025-07-16 18:08:48,667 - INFO - Skipping already processed: UBOBU_UBO8306198_277667_0056.jpg
2025-07-16 18:08:48,667 - INFO - Skipping already processed: UBOBU_UBO8306198_277667_0057.jpg
2025-07-16 18:08:48,668 - INFO - Skipping already processed: UBOBU_UBO8306198_277667_0058.jpg
2025-07-16 18:08:48,668 - INFO - Skipping already processed: UBOBU_UBO8306198_277667_0059.jpg
2025-07-16 18:08:48,668 - INFO - Skipping already processed: UBOBU_UBO8306198_277667_0060.jpg
2025-07-16 18:08:48,668 - INFO - Skipping already processed: UBOBU_UBO8306198_277667_0061.jpg
2025-07-16 18:08:48,668 - INFO - Skipping already processed: UBOBU_UBO8306198_277667_0062.jpg
2025-07-16 18:08:48,669 - INFO - Skipping already processed: UBOBU_UBO8306198_277667_0063.jpg
2025-07-16 18:08:48,669 - INFO - Skipping already processed: UBOBU_UBO8306198_277667_0064.jpg
2025-07-16 18:08:48,669 - INFO - Skipping already processed: UBOBU_UBO8306198_277667_0065.jpg
2025-07-16 18:08:48,669 - INFO - Skipping already processed: UBOBU_UBO8306198_277667_0066.jpg
2025-07-16 18:08:48,669 - INFO - Skipping already processed: UBOBU_UBO8306198_277667_0067.jpg
2025-07-16 18:08:48,670 - INFO - Skipping already processed: UBOBU_UBO8306198_277667_0068.jpg
2025-07-16 18:08:48,670 - INFO - Skipping already processed: UBOBU_UBO8306198_277667_0069.jpg
2025-07-16 18:08:48,670 - INFO - Skipping already processed: UBOBU_UBO8306198_277667_0070.jpg
2025-07-16 18:08:48,670 - INFO - Skipping already processed: UBOBU_UBO8306198_277667_0071.jpg
2025-07-16 18:08:48,670 - INFO - Skipping already processed: UBOBU_UBO8306198_277667_0072.jpg
2025-07-16 18:08:48,670 - INFO - Skipping already processed: UBOBU_UBO8306198_277667_0073.jpg
2025-07-16 18:08:48,670 - INFO - Skipping already processed: UBOBU_UBO8306198_277667_0074.jpg
2025-07-16 18:08:48,670 - INFO - Skipping already processed: UBOBU_UBO8306198_277667_0075.jpg
2025-07-16 18:08:48,670 - INFO - Skipping already processed: UBOBU_UBO8306198_277667_0076.jpg
2025-07-16 18:08:48,670 - INFO - Skipping already processed: UBOBU_UBO8306198_277667_0077.jpg
2025-07-16 18:08:48,670 - INFO - Skipping already processed: UBOBU_UBO8306198_277667_0078.jpg
2025-07-16 18:08:48,670 - INFO - Skipping already processed: UBOBU_UBO8306198_277667_0079.jpg
2025-07-16 18:08:48,670 - INFO - Skipping already processed: UBOBU_UBO8306198_277667_0080.jpg
2025-07-16 18:08:48,670 - INFO - Skipping already processed: UBOBU_UBO8306198_277667_0081.jpg
2025-07-16 18:08:48,670 - INFO - Skipping already processed: UBOBU_UBO8306198_277667_0082.jpg
2025-07-16 18:08:48,670 - INFO - Skipping already processed: UBOBU_UBO8306198_277667_0083.jpg
2025-07-16 18:08:48,670 - INFO - Skipping already processed: UBOBU_UBO8306198_277667_0084.jpg
2025-07-16 18:08:48,670 - INFO - Skipping already processed: UBOBU_UBO8306198_277667_0085.jpg
2025-07-16 18:08:48,675 - INFO - Skipping already processed: UBOBU_UBO8306198_277667_0086.jpg
2025-07-16 18:08:48,675 - INFO - Skipping already processed: UBOBU_UBO8306198_277667_0087.jpg
2025-07-16 18:08:48,675 - INFO - Skipping already processed: UBOBU_UBO8306198_277667_0088.jpg
2025-07-16 18:08:48,675 - INFO - Skipping already processed: UBOBU_UBO8306198_277667_0089.jpg
2025-07-16 18:08:48,675 - INFO - Skipping already processed: UBOBU_UBO8306198_277667_0090.jpg
2025-07-16 18:08:48,676 - INFO - Skipping already processed: UBOBU_UBO8306198_277667_0091.jpg
2025-07-16 18:08:48,676 - INFO - Skipping already processed: UBOBU_UBO8306198_277667_0092.jpg
2025-07-16 18:08:48,676 - INFO - Skipping already processed: UBOBU_UBO8306198_277667_0093.jpg
2025-07-16 18:08:48,676 - INFO - Skipping already processed: UBOBU_UBO8306198_277667_0094.jpg
2025-07-16 18:08:48,677 - INFO - Skipping already processed: UBOBU_UBO8306198_277667_0095.jpg
2025-07-16 18:08:48,677 - INFO - Skipping already processed: UBOBU_UBO8306198_277667_0096.jpg
2025-07-16 18:08:48,677 - INFO - Skipping already processed: UBOBU_UBO8306198_277667_0097.jpg
2025-07-16 18:08:48,677 - INFO - Skipping already processed: UBOBU_UBO8306198_277667_0098.jpg
2025-07-16 18:08:48,677 - INFO - Skipping already processed: UBOBU_UBO8306198_277667_0099.jpg
2025-07-16 18:08:48,677 - INFO - Skipping already processed: UBOBU_UBO8306198_277667_0100.jpg
2025-07-16 18:08:48,677 - INFO - 
Processing complete!
2025-07-16 18:08:48,677 - INFO - Results saved to: output\imgs_results.json
