2025-08-12 22:47:27,474 - ERROR - Error processing catalog: junk after document element: line 3, column 2
2025-08-12 22:47:27,475 - INFO - OCR configured (pytesseract).
2025-08-12 22:48:49,424 - ERROR - Error processing catalog: junk after document element: line 3, column 2
2025-08-12 22:48:49,424 - INFO - OCR configured (pytesseract).
2025-08-12 22:48:49,431 - INFO - Found 100 images to process
2025-08-12 22:48:49,444 - INFO - 
========================================
2025-08-12 22:48:49,444 - INFO - Processing page 1/100: UBOBU_UBO8306198_277667_0001.jpg
2025-08-12 22:48:49,444 - INFO - ========================================
2025-08-12 22:48:50,055 - INFO - Use pytorch device_name: cpu
2025-08-12 22:48:50,055 - INFO - Load pretrained SentenceTransformer: clip-ViT-B-32
2025-08-12 22:48:53,174 - INFO - CLIP model loaded
2025-08-12 22:48:54,069 - INFO - 
========================================
2025-08-12 22:48:54,069 - INFO - Processing page 2/100: UBOBU_UBO8306198_277667_0002.jpg
2025-08-12 22:48:54,069 - INFO - ========================================
2025-08-12 22:48:54,788 - INFO - 
========================================
2025-08-12 22:48:54,788 - INFO - Processing page 3/100: UBOBU_UBO8306198_277667_0003.jpg
2025-08-12 22:48:54,788 - INFO - ========================================
2025-08-12 22:48:55,561 - INFO - 
========================================
2025-08-12 22:48:55,562 - INFO - Processing page 4/100: UBOBU_UBO8306198_277667_0004.jpg
2025-08-12 22:48:55,562 - INFO - ========================================
2025-08-12 22:48:56,269 - INFO - 
========================================
2025-08-12 22:48:56,269 - INFO - Processing page 5/100: UBOBU_UBO8306198_277667_0005.jpg
2025-08-12 22:48:56,270 - INFO - ========================================
2025-08-12 22:48:56,959 - INFO - 
========================================
2025-08-12 22:48:56,960 - INFO - Processing page 6/100: UBOBU_UBO8306198_277667_0006.jpg
2025-08-12 22:48:56,960 - INFO - ========================================
2025-08-12 22:48:57,828 - INFO - 
========================================
2025-08-12 22:48:57,828 - INFO - Processing page 7/100: UBOBU_UBO8306198_277667_0007.jpg
2025-08-12 22:48:57,828 - INFO - ========================================
2025-08-12 22:48:58,932 - INFO - 
========================================
2025-08-12 22:48:58,933 - INFO - Processing page 8/100: UBOBU_UBO8306198_277667_0008.jpg
2025-08-12 22:48:58,933 - INFO - ========================================
2025-08-12 22:49:20,716 - INFO - 
========================================
2025-08-12 22:49:20,716 - INFO - Processing page 9/100: UBOBU_UBO8306198_277667_0009.jpg
2025-08-12 22:49:20,716 - INFO - ========================================
2025-08-12 22:49:22,232 - INFO - 
========================================
2025-08-12 22:49:22,232 - INFO - Processing page 10/100: UBOBU_UBO8306198_277667_0010.jpg
2025-08-12 22:49:22,232 - INFO - ========================================
2025-08-12 22:49:23,560 - INFO - 
========================================
2025-08-12 22:49:23,560 - INFO - Processing page 11/100: UBOBU_UBO8306198_277667_0011.jpg
2025-08-12 22:49:23,561 - INFO - ========================================
2025-08-12 22:49:25,452 - INFO - 
========================================
2025-08-12 22:49:25,452 - INFO - Processing page 12/100: UBOBU_UBO8306198_277667_0012.jpg
2025-08-12 22:49:25,452 - INFO - ========================================
2025-08-12 22:49:55,704 - INFO - 
========================================
2025-08-12 22:49:55,704 - INFO - Processing page 13/100: UBOBU_UBO8306198_277667_0013.jpg
2025-08-12 22:49:55,704 - INFO - ========================================
2025-08-12 22:49:57,039 - INFO - 
========================================
2025-08-12 22:49:57,040 - INFO - Processing page 14/100: UBOBU_UBO8306198_277667_0014.jpg
2025-08-12 22:49:57,040 - INFO - ========================================
2025-08-12 22:50:14,632 - INFO - 
========================================
2025-08-12 22:50:14,632 - INFO - Processing page 15/100: UBOBU_UBO8306198_277667_0015.jpg
2025-08-12 22:50:14,632 - INFO - ========================================
2025-08-12 22:50:16,694 - INFO - 
========================================
2025-08-12 22:50:16,694 - INFO - Processing page 16/100: UBOBU_UBO8306198_277667_0016.jpg
2025-08-12 22:50:16,694 - INFO - ========================================
2025-08-12 22:50:18,309 - INFO - 
========================================
2025-08-12 22:50:18,309 - INFO - Processing page 17/100: UBOBU_UBO8306198_277667_0017.jpg
2025-08-12 22:50:18,309 - INFO - ========================================
2025-08-12 22:50:19,711 - INFO - 
========================================
2025-08-12 22:50:19,712 - INFO - Processing page 18/100: UBOBU_UBO8306198_277667_0018.jpg
2025-08-12 22:50:19,712 - INFO - ========================================
2025-08-12 22:50:20,810 - INFO - 
========================================
2025-08-12 22:50:20,810 - INFO - Processing page 19/100: UBOBU_UBO8306198_277667_0019.jpg
2025-08-12 22:50:20,811 - INFO - ========================================
2025-08-12 22:50:22,397 - INFO - 
========================================
2025-08-12 22:50:22,397 - INFO - Processing page 20/100: UBOBU_UBO8306198_277667_0020.jpg
2025-08-12 22:50:22,398 - INFO - ========================================
2025-08-12 22:50:38,328 - INFO - 
========================================
2025-08-12 22:50:38,328 - INFO - Processing page 21/100: UBOBU_UBO8306198_277667_0021.jpg
2025-08-12 22:50:38,328 - INFO - ========================================
2025-08-12 22:50:39,313 - INFO - 
========================================
2025-08-12 22:50:39,313 - INFO - Processing page 22/100: UBOBU_UBO8306198_277667_0022.jpg
2025-08-12 22:50:39,313 - INFO - ========================================
2025-08-12 22:51:06,705 - INFO - 
========================================
2025-08-12 22:51:06,705 - INFO - Processing page 23/100: UBOBU_UBO8306198_277667_0023.jpg
2025-08-12 22:51:06,705 - INFO - ========================================
2025-08-12 22:51:07,793 - INFO - 
========================================
2025-08-12 22:51:07,793 - INFO - Processing page 24/100: UBOBU_UBO8306198_277667_0024.jpg
2025-08-12 22:51:07,793 - INFO - ========================================
2025-08-12 22:51:08,745 - INFO - 
========================================
2025-08-12 22:51:08,747 - INFO - Processing page 25/100: UBOBU_UBO8306198_277667_0025.jpg
2025-08-12 22:51:08,747 - INFO - ========================================
2025-08-12 22:51:10,150 - INFO - 
========================================
2025-08-12 22:51:10,151 - INFO - Processing page 26/100: UBOBU_UBO8306198_277667_0026.jpg
2025-08-12 22:51:10,151 - INFO - ========================================
2025-08-12 22:51:11,184 - INFO - 
========================================
2025-08-12 22:51:11,184 - INFO - Processing page 27/100: UBOBU_UBO8306198_277667_0027.jpg
2025-08-12 22:51:11,184 - INFO - ========================================
2025-08-12 22:51:12,316 - INFO - 
========================================
2025-08-12 22:51:12,316 - INFO - Processing page 28/100: UBOBU_UBO8306198_277667_0028.jpg
2025-08-12 22:51:12,317 - INFO - ========================================
2025-08-12 22:51:29,594 - INFO - 
========================================
2025-08-12 22:51:29,594 - INFO - Processing page 29/100: UBOBU_UBO8306198_277667_0029.jpg
2025-08-12 22:51:29,594 - INFO - ========================================
2025-08-12 22:51:30,881 - INFO - 
========================================
2025-08-12 22:51:30,882 - INFO - Processing page 30/100: UBOBU_UBO8306198_277667_0030.jpg
2025-08-12 22:51:30,882 - INFO - ========================================
2025-08-12 22:51:43,429 - INFO - 
========================================
2025-08-12 22:51:43,429 - INFO - Processing page 31/100: UBOBU_UBO8306198_277667_0031.jpg
2025-08-12 22:51:43,429 - INFO - ========================================
2025-08-12 22:51:45,012 - INFO - 
========================================
2025-08-12 22:51:45,012 - INFO - Processing page 32/100: UBOBU_UBO8306198_277667_0032.jpg
2025-08-12 22:51:45,012 - INFO - ========================================
2025-08-12 22:51:46,901 - INFO - 
========================================
2025-08-12 22:51:46,901 - INFO - Processing page 33/100: UBOBU_UBO8306198_277667_0033.jpg
2025-08-12 22:51:46,901 - INFO - ========================================
2025-08-12 22:51:48,063 - INFO - 
========================================
2025-08-12 22:51:48,063 - INFO - Processing page 34/100: UBOBU_UBO8306198_277667_0034.jpg
2025-08-12 22:51:48,063 - INFO - ========================================
2025-08-12 22:52:07,457 - INFO - 
========================================
2025-08-12 22:52:07,457 - INFO - Processing page 35/100: UBOBU_UBO8306198_277667_0035.jpg
2025-08-12 22:52:07,457 - INFO - ========================================
2025-08-12 22:52:09,625 - INFO - 
========================================
2025-08-12 22:52:09,626 - INFO - Processing page 36/100: UBOBU_UBO8306198_277667_0036.jpg
2025-08-12 22:52:09,626 - INFO - ========================================
2025-08-12 22:52:10,931 - INFO - 
========================================
2025-08-12 22:52:10,931 - INFO - Processing page 37/100: UBOBU_UBO8306198_277667_0037.jpg
2025-08-12 22:52:10,931 - INFO - ========================================
2025-08-12 22:52:12,410 - INFO - 
========================================
2025-08-12 22:52:12,410 - INFO - Processing page 38/100: UBOBU_UBO8306198_277667_0038.jpg
2025-08-12 22:52:12,410 - INFO - ========================================
2025-08-12 22:52:14,059 - INFO - 
========================================
2025-08-12 22:52:14,059 - INFO - Processing page 39/100: UBOBU_UBO8306198_277667_0039.jpg
2025-08-12 22:52:14,059 - INFO - ========================================
2025-08-12 22:52:33,057 - INFO - 
========================================
2025-08-12 22:52:33,057 - INFO - Processing page 40/100: UBOBU_UBO8306198_277667_0040.jpg
2025-08-12 22:52:33,057 - INFO - ========================================
2025-08-12 22:52:51,662 - INFO - 
========================================
2025-08-12 22:52:51,663 - INFO - Processing page 41/100: UBOBU_UBO8306198_277667_0041.jpg
2025-08-12 22:52:51,663 - INFO - ========================================
2025-08-12 22:53:11,657 - INFO - 
========================================
2025-08-12 22:53:11,658 - INFO - Processing page 42/100: UBOBU_UBO8306198_277667_0042.jpg
2025-08-12 22:53:11,658 - INFO - ========================================
2025-08-12 22:53:36,324 - INFO - 
========================================
2025-08-12 22:53:36,340 - INFO - Processing page 43/100: UBOBU_UBO8306198_277667_0043.jpg
2025-08-12 22:53:36,340 - INFO - ========================================
2025-08-12 22:53:37,952 - INFO - 
========================================
2025-08-12 22:53:37,952 - INFO - Processing page 44/100: UBOBU_UBO8306198_277667_0044.jpg
2025-08-12 22:53:37,953 - INFO - ========================================
2025-08-12 22:53:39,443 - INFO - 
========================================
2025-08-12 22:53:39,443 - INFO - Processing page 45/100: UBOBU_UBO8306198_277667_0045.jpg
2025-08-12 22:53:39,443 - INFO - ========================================
2025-08-12 22:53:41,352 - INFO - 
========================================
2025-08-12 22:53:41,352 - INFO - Processing page 46/100: UBOBU_UBO8306198_277667_0046.jpg
2025-08-12 22:53:41,352 - INFO - ========================================
2025-08-12 22:54:04,113 - INFO - 
========================================
2025-08-12 22:54:04,114 - INFO - Processing page 47/100: UBOBU_UBO8306198_277667_0047.jpg
2025-08-12 22:54:04,114 - INFO - ========================================
2025-08-12 22:54:05,196 - INFO - 
========================================
2025-08-12 22:54:05,196 - INFO - Processing page 48/100: UBOBU_UBO8306198_277667_0048.jpg
2025-08-12 22:54:05,196 - INFO - ========================================
2025-08-12 22:54:23,176 - INFO - 
========================================
2025-08-12 22:54:23,176 - INFO - Processing page 49/100: UBOBU_UBO8306198_277667_0049.jpg
2025-08-12 22:54:23,176 - INFO - ========================================
2025-08-12 22:54:24,402 - INFO - 
========================================
2025-08-12 22:54:24,402 - INFO - Processing page 50/100: UBOBU_UBO8306198_277667_0050.jpg
2025-08-12 22:54:24,402 - INFO - ========================================
2025-08-12 22:54:42,610 - INFO - 
========================================
2025-08-12 22:54:42,610 - INFO - Processing page 51/100: UBOBU_UBO8306198_277667_0051.jpg
2025-08-12 22:54:42,611 - INFO - ========================================
2025-08-12 22:54:44,388 - INFO - 
========================================
2025-08-12 22:54:44,389 - INFO - Processing page 52/100: UBOBU_UBO8306198_277667_0052.jpg
2025-08-12 22:54:44,389 - INFO - ========================================
2025-08-12 22:54:45,324 - INFO - 
========================================
2025-08-12 22:54:45,324 - INFO - Processing page 53/100: UBOBU_UBO8306198_277667_0053.jpg
2025-08-12 22:54:45,324 - INFO - ========================================
2025-08-12 22:54:46,789 - INFO - 
========================================
2025-08-12 22:54:46,789 - INFO - Processing page 54/100: UBOBU_UBO8306198_277667_0054.jpg
2025-08-12 22:54:46,789 - INFO - ========================================
2025-08-12 22:54:48,191 - INFO - 
========================================
2025-08-12 22:54:48,191 - INFO - Processing page 55/100: UBOBU_UBO8306198_277667_0055.jpg
2025-08-12 22:54:48,191 - INFO - ========================================
2025-08-12 22:54:49,394 - INFO - 
========================================
2025-08-12 22:54:49,394 - INFO - Processing page 56/100: UBOBU_UBO8306198_277667_0056.jpg
2025-08-12 22:54:49,394 - INFO - ========================================
2025-08-12 22:54:52,403 - INFO - 
========================================
2025-08-12 22:54:52,405 - INFO - Processing page 57/100: UBOBU_UBO8306198_277667_0057.jpg
2025-08-12 22:54:52,405 - INFO - ========================================
2025-08-12 22:54:54,726 - INFO - 
========================================
2025-08-12 22:54:54,726 - INFO - Processing page 58/100: UBOBU_UBO8306198_277667_0058.jpg
2025-08-12 22:54:54,726 - INFO - ========================================
2025-08-12 22:55:11,593 - INFO - 
========================================
2025-08-12 22:55:11,593 - INFO - Processing page 59/100: UBOBU_UBO8306198_277667_0059.jpg
2025-08-12 22:55:11,593 - INFO - ========================================
2025-08-12 22:55:12,972 - INFO - 
========================================
2025-08-12 22:55:12,972 - INFO - Processing page 60/100: UBOBU_UBO8306198_277667_0060.jpg
2025-08-12 22:55:12,972 - INFO - ========================================
2025-08-12 22:55:15,252 - INFO - 
========================================
2025-08-12 22:55:15,252 - INFO - Processing page 61/100: UBOBU_UBO8306198_277667_0061.jpg
2025-08-12 22:55:15,253 - INFO - ========================================
2025-08-12 22:55:34,295 - INFO - 
========================================
2025-08-12 22:55:34,295 - INFO - Processing page 62/100: UBOBU_UBO8306198_277667_0062.jpg
2025-08-12 22:55:34,295 - INFO - ========================================
2025-08-12 22:55:52,370 - INFO - 
========================================
2025-08-12 22:55:52,370 - INFO - Processing page 63/100: UBOBU_UBO8306198_277667_0063.jpg
2025-08-12 22:55:52,370 - INFO - ========================================
2025-08-12 22:55:54,081 - INFO - 
========================================
2025-08-12 22:55:54,081 - INFO - Processing page 64/100: UBOBU_UBO8306198_277667_0064.jpg
2025-08-12 22:55:54,081 - INFO - ========================================
2025-08-12 22:55:55,704 - INFO - 
========================================
2025-08-12 22:55:55,705 - INFO - Processing page 65/100: UBOBU_UBO8306198_277667_0065.jpg
2025-08-12 22:55:55,705 - INFO - ========================================
2025-08-12 22:55:57,202 - INFO - 
========================================
2025-08-12 22:55:57,202 - INFO - Processing page 66/100: UBOBU_UBO8306198_277667_0066.jpg
2025-08-12 22:55:57,202 - INFO - ========================================
2025-08-12 22:56:18,337 - INFO - 
========================================
2025-08-12 22:56:18,337 - INFO - Processing page 67/100: UBOBU_UBO8306198_277667_0067.jpg
2025-08-12 22:56:18,337 - INFO - ========================================
2025-08-12 22:56:19,816 - INFO - 
========================================
2025-08-12 22:56:19,817 - INFO - Processing page 68/100: UBOBU_UBO8306198_277667_0068.jpg
2025-08-12 22:56:19,817 - INFO - ========================================
2025-08-12 22:56:43,959 - INFO - 
========================================
2025-08-12 22:56:43,959 - INFO - Processing page 69/100: UBOBU_UBO8306198_277667_0069.jpg
2025-08-12 22:56:43,959 - INFO - ========================================
2025-08-12 22:56:45,679 - INFO - 
========================================
2025-08-12 22:56:45,680 - INFO - Processing page 70/100: UBOBU_UBO8306198_277667_0070.jpg
2025-08-12 22:56:45,680 - INFO - ========================================
2025-08-12 22:57:09,476 - INFO - 
========================================
2025-08-12 22:57:09,476 - INFO - Processing page 71/100: UBOBU_UBO8306198_277667_0071.jpg
2025-08-12 22:57:09,476 - INFO - ========================================
2025-08-12 22:57:11,909 - INFO - 
========================================
2025-08-12 22:57:11,909 - INFO - Processing page 72/100: UBOBU_UBO8306198_277667_0072.jpg
2025-08-12 22:57:11,910 - INFO - ========================================
2025-08-12 22:57:13,022 - INFO - 
========================================
2025-08-12 22:57:13,022 - INFO - Processing page 73/100: UBOBU_UBO8306198_277667_0073.jpg
2025-08-12 22:57:13,023 - INFO - ========================================
2025-08-12 22:57:16,282 - INFO - 
========================================
2025-08-12 22:57:16,282 - INFO - Processing page 74/100: UBOBU_UBO8306198_277667_0074.jpg
2025-08-12 22:57:16,284 - INFO - ========================================
2025-08-12 22:57:46,873 - INFO - 
========================================
2025-08-12 22:57:46,873 - INFO - Processing page 75/100: UBOBU_UBO8306198_277667_0075.jpg
2025-08-12 22:57:46,873 - INFO - ========================================
2025-08-12 22:58:10,161 - INFO - 
========================================
2025-08-12 22:58:10,162 - INFO - Processing page 76/100: UBOBU_UBO8306198_277667_0076.jpg
2025-08-12 22:58:10,162 - INFO - ========================================
2025-08-12 22:58:54,690 - INFO - 
========================================
2025-08-12 22:58:54,692 - INFO - Processing page 77/100: UBOBU_UBO8306198_277667_0077.jpg
2025-08-12 22:58:54,692 - INFO - ========================================
2025-08-12 22:59:12,767 - INFO - 
========================================
2025-08-12 22:59:12,767 - INFO - Processing page 78/100: UBOBU_UBO8306198_277667_0078.jpg
2025-08-12 22:59:12,767 - INFO - ========================================
2025-08-12 22:59:14,430 - INFO - 
========================================
2025-08-12 22:59:14,430 - INFO - Processing page 79/100: UBOBU_UBO8306198_277667_0079.jpg
2025-08-12 22:59:14,430 - INFO - ========================================
2025-08-12 22:59:41,219 - INFO - 
========================================
2025-08-12 22:59:41,220 - INFO - Processing page 80/100: UBOBU_UBO8306198_277667_0080.jpg
2025-08-12 22:59:41,220 - INFO - ========================================
2025-08-12 23:00:14,782 - INFO - 
========================================
2025-08-12 23:00:14,782 - INFO - Processing page 81/100: UBOBU_UBO8306198_277667_0081.jpg
2025-08-12 23:00:14,782 - INFO - ========================================
2025-08-12 23:00:17,200 - INFO - 
========================================
2025-08-12 23:00:17,202 - INFO - Processing page 82/100: UBOBU_UBO8306198_277667_0082.jpg
2025-08-12 23:00:17,202 - INFO - ========================================
2025-08-12 23:00:19,537 - INFO - 
========================================
2025-08-12 23:00:19,537 - INFO - Processing page 83/100: UBOBU_UBO8306198_277667_0083.jpg
2025-08-12 23:00:19,537 - INFO - ========================================
2025-08-12 23:00:31,859 - INFO - 
========================================
2025-08-12 23:00:31,860 - INFO - Processing page 84/100: UBOBU_UBO8306198_277667_0084.jpg
2025-08-12 23:00:31,860 - INFO - ========================================
2025-08-12 23:01:10,074 - INFO - 
========================================
2025-08-12 23:01:10,074 - INFO - Processing page 85/100: UBOBU_UBO8306198_277667_0085.jpg
2025-08-12 23:01:10,074 - INFO - ========================================
2025-08-12 23:01:26,343 - INFO - 
========================================
2025-08-12 23:01:26,343 - INFO - Processing page 86/100: UBOBU_UBO8306198_277667_0086.jpg
2025-08-12 23:01:26,343 - INFO - ========================================
2025-08-12 23:01:44,217 - INFO - 
========================================
2025-08-12 23:01:44,217 - INFO - Processing page 87/100: UBOBU_UBO8306198_277667_0087.jpg
2025-08-12 23:01:44,217 - INFO - ========================================
2025-08-12 23:01:47,281 - INFO - 
========================================
2025-08-12 23:01:47,281 - INFO - Processing page 88/100: UBOBU_UBO8306198_277667_0088.jpg
2025-08-12 23:01:47,281 - INFO - ========================================
2025-08-12 23:02:09,029 - INFO - 
========================================
2025-08-12 23:02:09,029 - INFO - Processing page 89/100: UBOBU_UBO8306198_277667_0089.jpg
2025-08-12 23:02:09,029 - INFO - ========================================
2025-08-12 23:02:17,724 - INFO - 
========================================
2025-08-12 23:02:17,724 - INFO - Processing page 90/100: UBOBU_UBO8306198_277667_0090.jpg
2025-08-12 23:02:17,738 - INFO - ========================================
2025-08-12 23:02:55,112 - WARNING - Could not parse date string: '2 a 3000'
2025-08-12 23:02:55,112 - WARNING - Could not parse date string: '2 a 3000'
2025-08-12 23:02:55,112 - INFO - 
========================================
2025-08-12 23:02:55,112 - INFO - Processing page 91/100: UBOBU_UBO8306198_277667_0091.jpg
2025-08-12 23:02:55,112 - INFO - ========================================
2025-08-12 23:02:57,301 - INFO - 
========================================
2025-08-12 23:02:57,301 - INFO - Processing page 92/100: UBOBU_UBO8306198_277667_0092.jpg
2025-08-12 23:02:57,301 - INFO - ========================================
2025-08-12 23:03:31,047 - INFO - 
========================================
2025-08-12 23:03:31,047 - INFO - Processing page 93/100: UBOBU_UBO8306198_277667_0093.jpg
2025-08-12 23:03:31,047 - INFO - ========================================
2025-08-12 23:03:32,937 - INFO - 
========================================
2025-08-12 23:03:32,937 - INFO - Processing page 94/100: UBOBU_UBO8306198_277667_0094.jpg
2025-08-12 23:03:32,937 - INFO - ========================================
2025-08-12 23:04:03,649 - INFO - 
========================================
2025-08-12 23:04:03,649 - INFO - Processing page 95/100: UBOBU_UBO8306198_277667_0095.jpg
2025-08-12 23:04:03,649 - INFO - ========================================
2025-08-12 23:04:05,120 - INFO - 
========================================
2025-08-12 23:04:05,120 - INFO - Processing page 96/100: UBOBU_UBO8306198_277667_0096.jpg
2025-08-12 23:04:05,120 - INFO - ========================================
2025-08-12 23:04:06,542 - INFO - 
========================================
2025-08-12 23:04:06,542 - INFO - Processing page 97/100: UBOBU_UBO8306198_277667_0097.jpg
2025-08-12 23:04:06,542 - INFO - ========================================
2025-08-12 23:04:08,932 - INFO - 
========================================
2025-08-12 23:04:08,932 - INFO - Processing page 98/100: UBOBU_UBO8306198_277667_0098.jpg
2025-08-12 23:04:08,932 - INFO - ========================================
2025-08-12 23:04:50,615 - INFO - 
========================================
2025-08-12 23:04:50,615 - INFO - Processing page 99/100: UBOBU_UBO8306198_277667_0099.jpg
2025-08-12 23:04:50,615 - INFO - ========================================
2025-08-12 23:05:07,988 - INFO - 
========================================
2025-08-12 23:05:07,988 - INFO - Processing page 100/100: UBOBU_UBO8306198_277667_0100.jpg
2025-08-12 23:05:07,988 - INFO - ========================================
2025-08-12 23:05:37,546 - INFO - Results saved to: C:\Users\Lucrezia\Documents\GitHub\TOME-hnp\output\textflux.json
