2025-07-18 14:36:42,973 - ERROR - Error processing catalog: junk after document element: line 3, column 2
2025-07-18 14:36:42,973 - INFO - Tesseract configured successfully
2025-07-18 14:36:42,983 - INFO - Found 100 images to process
2025-07-18 14:36:42,986 - INFO - 
========================================
2025-07-18 14:36:42,986 - INFO - Processing page 1/100: UBOBU_UBO8306198_277667_0001.jpg
2025-07-18 14:36:42,986 - INFO - ========================================
2025-07-18 14:36:43,011 - ERROR - Headtitle verification failed: name 'preprocess' is not defined
2025-07-18 14:36:43,014 - INFO - Use pytorch device_name: cpu
2025-07-18 14:36:43,014 - INFO - Load pretrained SentenceTransformer: clip-ViT-B-32
2025-07-18 14:36:46,227 - INFO - Multimodal model loaded successfully
2025-07-18 14:36:46,945 - ERROR - Processing failed: cannot unpack non-iterable NoneType object
2025-07-18 14:36:46,945 - INFO - 
========================================
2025-07-18 14:36:46,945 - INFO - Processing page 2/100: UBOBU_UBO8306198_277667_0002.jpg
2025-07-18 14:36:46,945 - INFO - ========================================
2025-07-18 14:36:46,958 - ERROR - Headtitle verification failed: name 'preprocess' is not defined
2025-07-18 14:36:47,131 - ERROR - Processing failed: cannot unpack non-iterable NoneType object
2025-07-18 14:36:47,131 - INFO - 
========================================
2025-07-18 14:36:47,131 - INFO - Processing page 3/100: UBOBU_UBO8306198_277667_0003.jpg
2025-07-18 14:36:47,131 - INFO - ========================================
2025-07-18 14:36:47,142 - ERROR - Headtitle verification failed: name 'preprocess' is not defined
2025-07-18 14:36:47,334 - ERROR - Processing failed: cannot unpack non-iterable NoneType object
2025-07-18 14:36:47,334 - INFO - 
========================================
2025-07-18 14:36:47,334 - INFO - Processing page 4/100: UBOBU_UBO8306198_277667_0004.jpg
2025-07-18 14:36:47,334 - INFO - ========================================
2025-07-18 14:36:47,352 - ERROR - Headtitle verification failed: name 'preprocess' is not defined
2025-07-18 14:36:47,550 - ERROR - Processing failed: cannot unpack non-iterable NoneType object
2025-07-18 14:36:47,550 - INFO - 
========================================
2025-07-18 14:36:47,550 - INFO - Processing page 5/100: UBOBU_UBO8306198_277667_0005.jpg
2025-07-18 14:36:47,550 - INFO - ========================================
2025-07-18 14:36:47,557 - ERROR - Headtitle verification failed: name 'preprocess' is not defined
2025-07-18 14:36:47,722 - ERROR - Processing failed: cannot unpack non-iterable NoneType object
2025-07-18 14:36:47,722 - INFO - 
========================================
2025-07-18 14:36:47,722 - INFO - Processing page 6/100: UBOBU_UBO8306198_277667_0006.jpg
2025-07-18 14:36:47,722 - INFO - ========================================
2025-07-18 14:36:47,747 - ERROR - Headtitle verification failed: name 'preprocess' is not defined
2025-07-18 14:36:47,923 - ERROR - Processing failed: cannot unpack non-iterable NoneType object
2025-07-18 14:36:47,925 - INFO - 
========================================
2025-07-18 14:36:47,925 - INFO - Processing page 7/100: UBOBU_UBO8306198_277667_0007.jpg
2025-07-18 14:36:47,925 - INFO - ========================================
2025-07-18 14:36:47,950 - ERROR - Headtitle verification failed: name 'preprocess' is not defined
2025-07-18 14:36:48,114 - ERROR - Processing failed: cannot unpack non-iterable NoneType object
2025-07-18 14:36:48,114 - INFO - 
========================================
2025-07-18 14:36:48,114 - INFO - Processing page 8/100: UBOBU_UBO8306198_277667_0008.jpg
2025-07-18 14:36:48,114 - INFO - ========================================
2025-07-18 14:36:48,135 - ERROR - Headtitle verification failed: name 'preprocess' is not defined
2025-07-18 14:36:48,322 - ERROR - Processing failed: cannot unpack non-iterable NoneType object
2025-07-18 14:36:48,322 - INFO - 
========================================
2025-07-18 14:36:48,322 - INFO - Processing page 9/100: UBOBU_UBO8306198_277667_0009.jpg
2025-07-18 14:36:48,322 - INFO - ========================================
2025-07-18 14:36:48,348 - ERROR - Headtitle verification failed: name 'preprocess' is not defined
2025-07-18 14:36:48,526 - ERROR - Processing failed: cannot unpack non-iterable NoneType object
2025-07-18 14:36:48,526 - INFO - 
========================================
2025-07-18 14:36:48,526 - INFO - Processing page 10/100: UBOBU_UBO8306198_277667_0010.jpg
2025-07-18 14:36:48,526 - INFO - ========================================
2025-07-18 14:36:48,551 - ERROR - Headtitle verification failed: name 'preprocess' is not defined
2025-07-18 14:36:48,747 - ERROR - Processing failed: cannot unpack non-iterable NoneType object
2025-07-18 14:36:48,747 - INFO - 
========================================
2025-07-18 14:36:48,747 - INFO - Processing page 11/100: UBOBU_UBO8306198_277667_0011.jpg
2025-07-18 14:36:48,747 - INFO - ========================================
2025-07-18 14:36:48,771 - ERROR - Headtitle verification failed: name 'preprocess' is not defined
2025-07-18 14:36:48,963 - ERROR - Processing failed: cannot unpack non-iterable NoneType object
2025-07-18 14:36:48,963 - INFO - 
========================================
2025-07-18 14:36:48,963 - INFO - Processing page 12/100: UBOBU_UBO8306198_277667_0012.jpg
2025-07-18 14:36:48,963 - INFO - ========================================
2025-07-18 14:36:48,992 - ERROR - Headtitle verification failed: name 'preprocess' is not defined
2025-07-18 14:36:49,165 - ERROR - Processing failed: cannot unpack non-iterable NoneType object
2025-07-18 14:36:49,165 - INFO - 
========================================
2025-07-18 14:36:49,165 - INFO - Processing page 13/100: UBOBU_UBO8306198_277667_0013.jpg
2025-07-18 14:36:49,165 - INFO - ========================================
2025-07-18 14:36:49,183 - ERROR - Headtitle verification failed: name 'preprocess' is not defined
2025-07-18 14:36:49,370 - ERROR - Processing failed: cannot unpack non-iterable NoneType object
2025-07-18 14:36:49,370 - INFO - 
========================================
2025-07-18 14:36:49,370 - INFO - Processing page 14/100: UBOBU_UBO8306198_277667_0014.jpg
2025-07-18 14:36:49,370 - INFO - ========================================
2025-07-18 14:36:49,395 - ERROR - Headtitle verification failed: name 'preprocess' is not defined
2025-07-18 14:36:49,577 - ERROR - Processing failed: cannot unpack non-iterable NoneType object
2025-07-18 14:36:49,577 - INFO - 
========================================
2025-07-18 14:36:49,577 - INFO - Processing page 15/100: UBOBU_UBO8306198_277667_0015.jpg
2025-07-18 14:36:49,578 - INFO - ========================================
2025-07-18 14:36:49,600 - ERROR - Headtitle verification failed: name 'preprocess' is not defined
2025-07-18 14:36:49,773 - ERROR - Processing failed: cannot unpack non-iterable NoneType object
2025-07-18 14:36:49,773 - INFO - 
========================================
2025-07-18 14:36:49,773 - INFO - Processing page 16/100: UBOBU_UBO8306198_277667_0016.jpg
2025-07-18 14:36:49,773 - INFO - ========================================
2025-07-18 14:36:49,797 - ERROR - Headtitle verification failed: name 'preprocess' is not defined
2025-07-18 14:36:49,994 - ERROR - Processing failed: cannot unpack non-iterable NoneType object
2025-07-18 14:36:49,995 - INFO - 
========================================
2025-07-18 14:36:49,995 - INFO - Processing page 17/100: UBOBU_UBO8306198_277667_0017.jpg
2025-07-18 14:36:49,995 - INFO - ========================================
2025-07-18 14:36:50,017 - ERROR - Headtitle verification failed: name 'preprocess' is not defined
2025-07-18 14:36:50,178 - ERROR - Processing failed: cannot unpack non-iterable NoneType object
2025-07-18 14:36:50,178 - INFO - 
========================================
2025-07-18 14:36:50,178 - INFO - Processing page 18/100: UBOBU_UBO8306198_277667_0018.jpg
2025-07-18 14:36:50,178 - INFO - ========================================
2025-07-18 14:36:50,212 - ERROR - Headtitle verification failed: name 'preprocess' is not defined
2025-07-18 14:36:50,384 - ERROR - Processing failed: cannot unpack non-iterable NoneType object
2025-07-18 14:36:50,384 - INFO - 
========================================
2025-07-18 14:36:50,384 - INFO - Processing page 19/100: UBOBU_UBO8306198_277667_0019.jpg
2025-07-18 14:36:50,386 - INFO - ========================================
2025-07-18 14:36:50,402 - ERROR - Headtitle verification failed: name 'preprocess' is not defined
2025-07-18 14:36:50,584 - ERROR - Processing failed: cannot unpack non-iterable NoneType object
2025-07-18 14:36:50,584 - INFO - 
========================================
2025-07-18 14:36:50,584 - INFO - Processing page 20/100: UBOBU_UBO8306198_277667_0020.jpg
2025-07-18 14:36:50,584 - INFO - ========================================
2025-07-18 14:36:50,600 - ERROR - Headtitle verification failed: name 'preprocess' is not defined
2025-07-18 14:36:50,763 - ERROR - Processing failed: cannot unpack non-iterable NoneType object
2025-07-18 14:36:50,763 - INFO - 
========================================
2025-07-18 14:36:50,763 - INFO - Processing page 21/100: UBOBU_UBO8306198_277667_0021.jpg
2025-07-18 14:36:50,763 - INFO - ========================================
2025-07-18 14:36:50,798 - ERROR - Headtitle verification failed: name 'preprocess' is not defined
2025-07-18 14:36:50,963 - ERROR - Processing failed: cannot unpack non-iterable NoneType object
2025-07-18 14:36:50,963 - INFO - 
========================================
2025-07-18 14:36:50,963 - INFO - Processing page 22/100: UBOBU_UBO8306198_277667_0022.jpg
2025-07-18 14:36:50,965 - INFO - ========================================
2025-07-18 14:36:50,985 - ERROR - Headtitle verification failed: name 'preprocess' is not defined
2025-07-18 14:36:51,171 - ERROR - Processing failed: cannot unpack non-iterable NoneType object
2025-07-18 14:36:51,171 - INFO - 
========================================
2025-07-18 14:36:51,171 - INFO - Processing page 23/100: UBOBU_UBO8306198_277667_0023.jpg
2025-07-18 14:36:51,171 - INFO - ========================================
2025-07-18 14:36:51,195 - ERROR - Headtitle verification failed: name 'preprocess' is not defined
2025-07-18 14:36:51,370 - ERROR - Processing failed: cannot unpack non-iterable NoneType object
2025-07-18 14:36:51,370 - INFO - 
========================================
2025-07-18 14:36:51,370 - INFO - Processing page 24/100: UBOBU_UBO8306198_277667_0024.jpg
2025-07-18 14:36:51,370 - INFO - ========================================
2025-07-18 14:36:51,395 - ERROR - Headtitle verification failed: name 'preprocess' is not defined
2025-07-18 14:36:51,563 - ERROR - Processing failed: cannot unpack non-iterable NoneType object
2025-07-18 14:36:51,563 - INFO - 
========================================
2025-07-18 14:36:51,563 - INFO - Processing page 25/100: UBOBU_UBO8306198_277667_0025.jpg
2025-07-18 14:36:51,563 - INFO - ========================================
2025-07-18 14:36:51,587 - ERROR - Headtitle verification failed: name 'preprocess' is not defined
2025-07-18 14:36:51,757 - ERROR - Processing failed: cannot unpack non-iterable NoneType object
2025-07-18 14:36:51,759 - INFO - 
========================================
2025-07-18 14:36:51,759 - INFO - Processing page 26/100: UBOBU_UBO8306198_277667_0026.jpg
2025-07-18 14:36:51,759 - INFO - ========================================
2025-07-18 14:36:51,784 - ERROR - Headtitle verification failed: name 'preprocess' is not defined
2025-07-18 14:36:51,953 - ERROR - Processing failed: cannot unpack non-iterable NoneType object
2025-07-18 14:36:51,953 - INFO - 
========================================
2025-07-18 14:36:51,953 - INFO - Processing page 27/100: UBOBU_UBO8306198_277667_0027.jpg
2025-07-18 14:36:51,953 - INFO - ========================================
2025-07-18 14:36:51,980 - ERROR - Headtitle verification failed: name 'preprocess' is not defined
2025-07-18 14:36:52,151 - ERROR - Processing failed: cannot unpack non-iterable NoneType object
2025-07-18 14:36:52,151 - INFO - 
========================================
2025-07-18 14:36:52,151 - INFO - Processing page 28/100: UBOBU_UBO8306198_277667_0028.jpg
2025-07-18 14:36:52,151 - INFO - ========================================
2025-07-18 14:36:52,178 - ERROR - Headtitle verification failed: name 'preprocess' is not defined
2025-07-18 14:36:52,334 - ERROR - Processing failed: cannot unpack non-iterable NoneType object
2025-07-18 14:36:52,336 - INFO - 
========================================
2025-07-18 14:36:52,336 - INFO - Processing page 29/100: UBOBU_UBO8306198_277667_0029.jpg
2025-07-18 14:36:52,336 - INFO - ========================================
2025-07-18 14:36:52,361 - ERROR - Headtitle verification failed: name 'preprocess' is not defined
2025-07-18 14:36:52,528 - ERROR - Processing failed: cannot unpack non-iterable NoneType object
2025-07-18 14:36:52,528 - INFO - 
========================================
2025-07-18 14:36:52,528 - INFO - Processing page 30/100: UBOBU_UBO8306198_277667_0030.jpg
2025-07-18 14:36:52,528 - INFO - ========================================
2025-07-18 14:36:52,559 - ERROR - Headtitle verification failed: name 'preprocess' is not defined
2025-07-18 14:36:52,747 - ERROR - Processing failed: cannot unpack non-iterable NoneType object
2025-07-18 14:36:52,747 - INFO - 
========================================
2025-07-18 14:36:52,747 - INFO - Processing page 31/100: UBOBU_UBO8306198_277667_0031.jpg
2025-07-18 14:36:52,747 - INFO - ========================================
2025-07-18 14:36:52,773 - ERROR - Headtitle verification failed: name 'preprocess' is not defined
2025-07-18 14:36:52,960 - ERROR - Processing failed: cannot unpack non-iterable NoneType object
2025-07-18 14:36:52,961 - INFO - 
========================================
2025-07-18 14:36:52,961 - INFO - Processing page 32/100: UBOBU_UBO8306198_277667_0032.jpg
2025-07-18 14:36:52,961 - INFO - ========================================
2025-07-18 14:36:52,985 - ERROR - Headtitle verification failed: name 'preprocess' is not defined
2025-07-18 14:36:53,158 - ERROR - Processing failed: cannot unpack non-iterable NoneType object
2025-07-18 14:36:53,160 - INFO - 
========================================
2025-07-18 14:36:53,160 - INFO - Processing page 33/100: UBOBU_UBO8306198_277667_0033.jpg
2025-07-18 14:36:53,160 - INFO - ========================================
2025-07-18 14:36:53,184 - ERROR - Headtitle verification failed: name 'preprocess' is not defined
2025-07-18 14:36:53,366 - ERROR - Processing failed: cannot unpack non-iterable NoneType object
2025-07-18 14:36:53,366 - INFO - 
========================================
2025-07-18 14:36:53,367 - INFO - Processing page 34/100: UBOBU_UBO8306198_277667_0034.jpg
2025-07-18 14:36:53,367 - INFO - ========================================
2025-07-18 14:36:53,386 - ERROR - Headtitle verification failed: name 'preprocess' is not defined
2025-07-18 14:36:53,592 - ERROR - Processing failed: cannot unpack non-iterable NoneType object
2025-07-18 14:36:53,592 - INFO - 
========================================
2025-07-18 14:36:53,592 - INFO - Processing page 35/100: UBOBU_UBO8306198_277667_0035.jpg
2025-07-18 14:36:53,592 - INFO - ========================================
2025-07-18 14:36:53,618 - ERROR - Headtitle verification failed: name 'preprocess' is not defined
2025-07-18 14:36:53,778 - ERROR - Processing failed: cannot unpack non-iterable NoneType object
2025-07-18 14:36:53,778 - INFO - 
========================================
2025-07-18 14:36:53,778 - INFO - Processing page 36/100: UBOBU_UBO8306198_277667_0036.jpg
2025-07-18 14:36:53,778 - INFO - ========================================
2025-07-18 14:36:53,801 - ERROR - Headtitle verification failed: name 'preprocess' is not defined
2025-07-18 14:36:53,970 - ERROR - Processing failed: cannot unpack non-iterable NoneType object
2025-07-18 14:36:53,970 - INFO - 
========================================
2025-07-18 14:36:53,970 - INFO - Processing page 37/100: UBOBU_UBO8306198_277667_0037.jpg
2025-07-18 14:36:53,970 - INFO - ========================================
2025-07-18 14:36:53,994 - ERROR - Headtitle verification failed: name 'preprocess' is not defined
2025-07-18 14:36:54,153 - ERROR - Processing failed: cannot unpack non-iterable NoneType object
2025-07-18 14:36:54,153 - INFO - 
========================================
2025-07-18 14:36:54,153 - INFO - Processing page 38/100: UBOBU_UBO8306198_277667_0038.jpg
2025-07-18 14:36:54,153 - INFO - ========================================
2025-07-18 14:36:54,178 - ERROR - Headtitle verification failed: name 'preprocess' is not defined
2025-07-18 14:36:54,345 - ERROR - Processing failed: cannot unpack non-iterable NoneType object
2025-07-18 14:36:54,345 - INFO - 
========================================
2025-07-18 14:36:54,345 - INFO - Processing page 39/100: UBOBU_UBO8306198_277667_0039.jpg
2025-07-18 14:36:54,345 - INFO - ========================================
2025-07-18 14:36:54,371 - ERROR - Headtitle verification failed: name 'preprocess' is not defined
2025-07-18 14:36:54,552 - ERROR - Processing failed: cannot unpack non-iterable NoneType object
2025-07-18 14:36:54,552 - INFO - 
========================================
2025-07-18 14:36:54,552 - INFO - Processing page 40/100: UBOBU_UBO8306198_277667_0040.jpg
2025-07-18 14:36:54,552 - INFO - ========================================
2025-07-18 14:36:54,569 - ERROR - Headtitle verification failed: name 'preprocess' is not defined
2025-07-18 14:36:54,760 - ERROR - Processing failed: cannot unpack non-iterable NoneType object
2025-07-18 14:36:54,760 - INFO - 
========================================
2025-07-18 14:36:54,760 - INFO - Processing page 41/100: UBOBU_UBO8306198_277667_0041.jpg
2025-07-18 14:36:54,761 - INFO - ========================================
2025-07-18 14:36:54,784 - ERROR - Headtitle verification failed: name 'preprocess' is not defined
2025-07-18 14:36:54,961 - ERROR - Processing failed: cannot unpack non-iterable NoneType object
2025-07-18 14:36:54,961 - INFO - 
========================================
2025-07-18 14:36:54,961 - INFO - Processing page 42/100: UBOBU_UBO8306198_277667_0042.jpg
2025-07-18 14:36:54,961 - INFO - ========================================
2025-07-18 14:36:54,982 - ERROR - Headtitle verification failed: name 'preprocess' is not defined
2025-07-18 14:36:55,155 - ERROR - Processing failed: cannot unpack non-iterable NoneType object
2025-07-18 14:36:55,155 - INFO - 
========================================
2025-07-18 14:36:55,155 - INFO - Processing page 43/100: UBOBU_UBO8306198_277667_0043.jpg
2025-07-18 14:36:55,155 - INFO - ========================================
2025-07-18 14:36:55,180 - ERROR - Headtitle verification failed: name 'preprocess' is not defined
2025-07-18 14:36:55,357 - ERROR - Processing failed: cannot unpack non-iterable NoneType object
2025-07-18 14:36:55,360 - INFO - 
========================================
2025-07-18 14:36:55,360 - INFO - Processing page 44/100: UBOBU_UBO8306198_277667_0044.jpg
2025-07-18 14:36:55,360 - INFO - ========================================
2025-07-18 14:36:55,385 - ERROR - Headtitle verification failed: name 'preprocess' is not defined
2025-07-18 14:36:55,568 - ERROR - Processing failed: cannot unpack non-iterable NoneType object
2025-07-18 14:36:55,568 - INFO - 
========================================
2025-07-18 14:36:55,568 - INFO - Processing page 45/100: UBOBU_UBO8306198_277667_0045.jpg
2025-07-18 14:36:55,568 - INFO - ========================================
2025-07-18 14:36:55,596 - ERROR - Headtitle verification failed: name 'preprocess' is not defined
2025-07-18 14:36:55,777 - ERROR - Processing failed: cannot unpack non-iterable NoneType object
2025-07-18 14:36:55,777 - INFO - 
========================================
2025-07-18 14:36:55,777 - INFO - Processing page 46/100: UBOBU_UBO8306198_277667_0046.jpg
2025-07-18 14:36:55,778 - INFO - ========================================
2025-07-18 14:36:55,800 - ERROR - Headtitle verification failed: name 'preprocess' is not defined
2025-07-18 14:36:55,969 - ERROR - Processing failed: cannot unpack non-iterable NoneType object
2025-07-18 14:36:55,969 - INFO - 
========================================
2025-07-18 14:36:55,969 - INFO - Processing page 47/100: UBOBU_UBO8306198_277667_0047.jpg
2025-07-18 14:36:55,969 - INFO - ========================================
2025-07-18 14:36:55,995 - ERROR - Headtitle verification failed: name 'preprocess' is not defined
2025-07-18 14:36:56,161 - ERROR - Processing failed: cannot unpack non-iterable NoneType object
2025-07-18 14:36:56,161 - INFO - 
========================================
2025-07-18 14:36:56,161 - INFO - Processing page 48/100: UBOBU_UBO8306198_277667_0048.jpg
2025-07-18 14:36:56,161 - INFO - ========================================
2025-07-18 14:36:56,184 - ERROR - Headtitle verification failed: name 'preprocess' is not defined
2025-07-18 14:36:56,351 - ERROR - Processing failed: cannot unpack non-iterable NoneType object
2025-07-18 14:36:56,351 - INFO - 
========================================
2025-07-18 14:36:56,351 - INFO - Processing page 49/100: UBOBU_UBO8306198_277667_0049.jpg
2025-07-18 14:36:56,351 - INFO - ========================================
2025-07-18 14:36:56,368 - ERROR - Headtitle verification failed: name 'preprocess' is not defined
2025-07-18 14:36:56,547 - ERROR - Processing failed: cannot unpack non-iterable NoneType object
2025-07-18 14:36:56,547 - INFO - 
========================================
2025-07-18 14:36:56,549 - INFO - Processing page 50/100: UBOBU_UBO8306198_277667_0050.jpg
2025-07-18 14:36:56,549 - INFO - ========================================
2025-07-18 14:36:56,568 - ERROR - Headtitle verification failed: name 'preprocess' is not defined
2025-07-18 14:36:56,747 - ERROR - Processing failed: cannot unpack non-iterable NoneType object
2025-07-18 14:36:56,747 - INFO - 
========================================
2025-07-18 14:36:56,747 - INFO - Processing page 51/100: UBOBU_UBO8306198_277667_0051.jpg
2025-07-18 14:36:56,747 - INFO - ========================================
2025-07-18 14:36:56,767 - ERROR - Headtitle verification failed: name 'preprocess' is not defined
2025-07-18 14:36:56,947 - ERROR - Processing failed: cannot unpack non-iterable NoneType object
2025-07-18 14:36:56,947 - INFO - 
========================================
2025-07-18 14:36:56,947 - INFO - Processing page 52/100: UBOBU_UBO8306198_277667_0052.jpg
2025-07-18 14:36:56,947 - INFO - ========================================
2025-07-18 14:36:56,970 - ERROR - Headtitle verification failed: name 'preprocess' is not defined
2025-07-18 14:36:57,140 - ERROR - Processing failed: cannot unpack non-iterable NoneType object
2025-07-18 14:36:57,142 - INFO - 
========================================
2025-07-18 14:36:57,142 - INFO - Processing page 53/100: UBOBU_UBO8306198_277667_0053.jpg
2025-07-18 14:36:57,142 - INFO - ========================================
2025-07-18 14:36:57,166 - ERROR - Headtitle verification failed: name 'preprocess' is not defined
2025-07-18 14:36:57,330 - ERROR - Processing failed: cannot unpack non-iterable NoneType object
2025-07-18 14:36:57,330 - INFO - 
========================================
2025-07-18 14:36:57,330 - INFO - Processing page 54/100: UBOBU_UBO8306198_277667_0054.jpg
2025-07-18 14:36:57,330 - INFO - ========================================
2025-07-18 14:36:57,361 - ERROR - Headtitle verification failed: name 'preprocess' is not defined
2025-07-18 14:36:57,545 - ERROR - Processing failed: cannot unpack non-iterable NoneType object
2025-07-18 14:36:57,545 - INFO - 
========================================
2025-07-18 14:36:57,545 - INFO - Processing page 55/100: UBOBU_UBO8306198_277667_0055.jpg
2025-07-18 14:36:57,545 - INFO - ========================================
2025-07-18 14:36:57,572 - ERROR - Headtitle verification failed: name 'preprocess' is not defined
2025-07-18 14:36:57,765 - ERROR - Processing failed: cannot unpack non-iterable NoneType object
2025-07-18 14:36:57,766 - INFO - 
========================================
2025-07-18 14:36:57,766 - INFO - Processing page 56/100: UBOBU_UBO8306198_277667_0056.jpg
2025-07-18 14:36:57,766 - INFO - ========================================
2025-07-18 14:36:57,792 - ERROR - Headtitle verification failed: name 'preprocess' is not defined
2025-07-18 14:36:57,995 - ERROR - Processing failed: cannot unpack non-iterable NoneType object
2025-07-18 14:36:57,995 - INFO - 
========================================
2025-07-18 14:36:57,996 - INFO - Processing page 57/100: UBOBU_UBO8306198_277667_0057.jpg
2025-07-18 14:36:57,996 - INFO - ========================================
2025-07-18 14:36:58,021 - ERROR - Headtitle verification failed: name 'preprocess' is not defined
2025-07-18 14:36:58,221 - ERROR - Processing failed: cannot unpack non-iterable NoneType object
2025-07-18 14:36:58,221 - INFO - 
========================================
2025-07-18 14:36:58,224 - INFO - Processing page 58/100: UBOBU_UBO8306198_277667_0058.jpg
2025-07-18 14:36:58,224 - INFO - ========================================
2025-07-18 14:36:58,253 - ERROR - Headtitle verification failed: name 'preprocess' is not defined
2025-07-18 14:36:58,493 - ERROR - Processing failed: cannot unpack non-iterable NoneType object
2025-07-18 14:36:58,494 - INFO - 
========================================
2025-07-18 14:36:58,494 - INFO - Processing page 59/100: UBOBU_UBO8306198_277667_0059.jpg
2025-07-18 14:36:58,494 - INFO - ========================================
2025-07-18 14:36:58,520 - ERROR - Headtitle verification failed: name 'preprocess' is not defined
2025-07-18 14:36:58,746 - ERROR - Processing failed: cannot unpack non-iterable NoneType object
2025-07-18 14:36:58,746 - INFO - 
========================================
2025-07-18 14:36:58,746 - INFO - Processing page 60/100: UBOBU_UBO8306198_277667_0060.jpg
2025-07-18 14:36:58,746 - INFO - ========================================
2025-07-18 14:36:58,774 - ERROR - Headtitle verification failed: name 'preprocess' is not defined
2025-07-18 14:36:59,002 - ERROR - Processing failed: cannot unpack non-iterable NoneType object
2025-07-18 14:36:59,002 - INFO - 
========================================
2025-07-18 14:36:59,002 - INFO - Processing page 61/100: UBOBU_UBO8306198_277667_0061.jpg
2025-07-18 14:36:59,003 - INFO - ========================================
2025-07-18 14:36:59,032 - ERROR - Headtitle verification failed: name 'preprocess' is not defined
2025-07-18 14:36:59,246 - ERROR - Processing failed: cannot unpack non-iterable NoneType object
2025-07-18 14:36:59,247 - INFO - 
========================================
2025-07-18 14:36:59,247 - INFO - Processing page 62/100: UBOBU_UBO8306198_277667_0062.jpg
2025-07-18 14:36:59,247 - INFO - ========================================
2025-07-18 14:36:59,287 - ERROR - Headtitle verification failed: name 'preprocess' is not defined
2025-07-18 14:36:59,479 - ERROR - Processing failed: cannot unpack non-iterable NoneType object
2025-07-18 14:36:59,480 - INFO - 
========================================
2025-07-18 14:36:59,480 - INFO - Processing page 63/100: UBOBU_UBO8306198_277667_0063.jpg
2025-07-18 14:36:59,480 - INFO - ========================================
2025-07-18 14:36:59,511 - ERROR - Headtitle verification failed: name 'preprocess' is not defined
2025-07-18 14:36:59,761 - ERROR - Processing failed: cannot unpack non-iterable NoneType object
2025-07-18 14:36:59,762 - INFO - 
========================================
2025-07-18 14:36:59,762 - INFO - Processing page 64/100: UBOBU_UBO8306198_277667_0064.jpg
2025-07-18 14:36:59,762 - INFO - ========================================
2025-07-18 14:36:59,806 - ERROR - Headtitle verification failed: name 'preprocess' is not defined
2025-07-18 14:37:00,147 - ERROR - Processing failed: cannot unpack non-iterable NoneType object
2025-07-18 14:37:00,148 - INFO - 
========================================
2025-07-18 14:37:00,148 - INFO - Processing page 65/100: UBOBU_UBO8306198_277667_0065.jpg
2025-07-18 14:37:00,148 - INFO - ========================================
2025-07-18 14:37:00,176 - ERROR - Headtitle verification failed: name 'preprocess' is not defined
2025-07-18 14:37:00,478 - ERROR - Processing failed: cannot unpack non-iterable NoneType object
2025-07-18 14:37:00,478 - INFO - 
========================================
2025-07-18 14:37:00,479 - INFO - Processing page 66/100: UBOBU_UBO8306198_277667_0066.jpg
2025-07-18 14:37:00,480 - INFO - ========================================
2025-07-18 14:37:00,515 - ERROR - Headtitle verification failed: name 'preprocess' is not defined
2025-07-18 14:37:00,753 - ERROR - Processing failed: cannot unpack non-iterable NoneType object
2025-07-18 14:37:00,754 - INFO - 
========================================
2025-07-18 14:37:00,754 - INFO - Processing page 67/100: UBOBU_UBO8306198_277667_0067.jpg
2025-07-18 14:37:00,754 - INFO - ========================================
2025-07-18 14:37:00,781 - ERROR - Headtitle verification failed: name 'preprocess' is not defined
2025-07-18 14:37:01,078 - ERROR - Processing failed: cannot unpack non-iterable NoneType object
2025-07-18 14:37:01,079 - INFO - 
========================================
2025-07-18 14:37:01,079 - INFO - Processing page 68/100: UBOBU_UBO8306198_277667_0068.jpg
2025-07-18 14:37:01,080 - INFO - ========================================
2025-07-18 14:37:01,124 - ERROR - Headtitle verification failed: name 'preprocess' is not defined
2025-07-18 14:37:01,324 - ERROR - Processing failed: cannot unpack non-iterable NoneType object
2025-07-18 14:37:01,325 - INFO - 
========================================
2025-07-18 14:37:01,325 - INFO - Processing page 69/100: UBOBU_UBO8306198_277667_0069.jpg
2025-07-18 14:37:01,325 - INFO - ========================================
2025-07-18 14:37:01,350 - ERROR - Headtitle verification failed: name 'preprocess' is not defined
2025-07-18 14:37:01,572 - ERROR - Processing failed: cannot unpack non-iterable NoneType object
2025-07-18 14:37:01,572 - INFO - 
========================================
2025-07-18 14:37:01,572 - INFO - Processing page 70/100: UBOBU_UBO8306198_277667_0070.jpg
2025-07-18 14:37:01,572 - INFO - ========================================
2025-07-18 14:37:01,608 - ERROR - Headtitle verification failed: name 'preprocess' is not defined
2025-07-18 14:37:01,800 - ERROR - Processing failed: cannot unpack non-iterable NoneType object
2025-07-18 14:37:01,800 - INFO - 
========================================
2025-07-18 14:37:01,801 - INFO - Processing page 71/100: UBOBU_UBO8306198_277667_0071.jpg
2025-07-18 14:37:01,801 - INFO - ========================================
2025-07-18 14:37:01,830 - ERROR - Headtitle verification failed: name 'preprocess' is not defined
2025-07-18 14:37:02,047 - ERROR - Processing failed: cannot unpack non-iterable NoneType object
2025-07-18 14:37:02,048 - INFO - 
========================================
2025-07-18 14:37:02,048 - INFO - Processing page 72/100: UBOBU_UBO8306198_277667_0072.jpg
2025-07-18 14:37:02,048 - INFO - ========================================
2025-07-18 14:37:02,086 - ERROR - Headtitle verification failed: name 'preprocess' is not defined
2025-07-18 14:37:02,292 - ERROR - Processing failed: cannot unpack non-iterable NoneType object
2025-07-18 14:37:02,292 - INFO - 
========================================
2025-07-18 14:37:02,292 - INFO - Processing page 73/100: UBOBU_UBO8306198_277667_0073.jpg
2025-07-18 14:37:02,293 - INFO - ========================================
2025-07-18 14:37:02,321 - ERROR - Headtitle verification failed: name 'preprocess' is not defined
2025-07-18 14:37:02,533 - ERROR - Processing failed: cannot unpack non-iterable NoneType object
2025-07-18 14:37:02,534 - INFO - 
========================================
2025-07-18 14:37:02,534 - INFO - Processing page 74/100: UBOBU_UBO8306198_277667_0074.jpg
2025-07-18 14:37:02,534 - INFO - ========================================
2025-07-18 14:37:02,560 - ERROR - Headtitle verification failed: name 'preprocess' is not defined
2025-07-18 14:37:02,763 - ERROR - Processing failed: cannot unpack non-iterable NoneType object
2025-07-18 14:37:02,764 - INFO - 
========================================
2025-07-18 14:37:02,764 - INFO - Processing page 75/100: UBOBU_UBO8306198_277667_0075.jpg
2025-07-18 14:37:02,764 - INFO - ========================================
2025-07-18 14:37:02,796 - ERROR - Headtitle verification failed: name 'preprocess' is not defined
2025-07-18 14:37:03,018 - ERROR - Processing failed: cannot unpack non-iterable NoneType object
2025-07-18 14:37:03,018 - INFO - 
========================================
2025-07-18 14:37:03,018 - INFO - Processing page 76/100: UBOBU_UBO8306198_277667_0076.jpg
2025-07-18 14:37:03,018 - INFO - ========================================
2025-07-18 14:37:03,048 - ERROR - Headtitle verification failed: name 'preprocess' is not defined
2025-07-18 14:37:03,220 - ERROR - Processing failed: cannot unpack non-iterable NoneType object
2025-07-18 14:37:03,221 - INFO - 
========================================
2025-07-18 14:37:03,221 - INFO - Processing page 77/100: UBOBU_UBO8306198_277667_0077.jpg
2025-07-18 14:37:03,221 - INFO - ========================================
2025-07-18 14:37:03,244 - ERROR - Headtitle verification failed: name 'preprocess' is not defined
2025-07-18 14:37:03,406 - ERROR - Processing failed: cannot unpack non-iterable NoneType object
2025-07-18 14:37:03,406 - INFO - 
========================================
2025-07-18 14:37:03,406 - INFO - Processing page 78/100: UBOBU_UBO8306198_277667_0078.jpg
2025-07-18 14:37:03,406 - INFO - ========================================
2025-07-18 14:37:03,435 - ERROR - Headtitle verification failed: name 'preprocess' is not defined
2025-07-18 14:37:03,605 - ERROR - Processing failed: cannot unpack non-iterable NoneType object
2025-07-18 14:37:03,606 - INFO - 
========================================
2025-07-18 14:37:03,606 - INFO - Processing page 79/100: UBOBU_UBO8306198_277667_0079.jpg
2025-07-18 14:37:03,606 - INFO - ========================================
2025-07-18 14:37:03,630 - ERROR - Headtitle verification failed: name 'preprocess' is not defined
2025-07-18 14:37:03,790 - ERROR - Processing failed: cannot unpack non-iterable NoneType object
2025-07-18 14:37:03,790 - INFO - 
========================================
2025-07-18 14:37:03,790 - INFO - Processing page 80/100: UBOBU_UBO8306198_277667_0080.jpg
2025-07-18 14:37:03,790 - INFO - ========================================
2025-07-18 14:37:03,813 - ERROR - Headtitle verification failed: name 'preprocess' is not defined
2025-07-18 14:37:03,972 - ERROR - Processing failed: cannot unpack non-iterable NoneType object
2025-07-18 14:37:03,972 - INFO - 
========================================
2025-07-18 14:37:03,972 - INFO - Processing page 81/100: UBOBU_UBO8306198_277667_0081.jpg
2025-07-18 14:37:03,972 - INFO - ========================================
2025-07-18 14:37:04,011 - ERROR - Headtitle verification failed: name 'preprocess' is not defined
2025-07-18 14:37:04,161 - ERROR - Processing failed: cannot unpack non-iterable NoneType object
2025-07-18 14:37:04,161 - INFO - 
========================================
2025-07-18 14:37:04,161 - INFO - Processing page 82/100: UBOBU_UBO8306198_277667_0082.jpg
2025-07-18 14:37:04,161 - INFO - ========================================
2025-07-18 14:37:04,196 - ERROR - Headtitle verification failed: name 'preprocess' is not defined
2025-07-18 14:37:04,369 - ERROR - Processing failed: cannot unpack non-iterable NoneType object
2025-07-18 14:37:04,369 - INFO - 
========================================
2025-07-18 14:37:04,369 - INFO - Processing page 83/100: UBOBU_UBO8306198_277667_0083.jpg
2025-07-18 14:37:04,369 - INFO - ========================================
2025-07-18 14:37:04,392 - ERROR - Headtitle verification failed: name 'preprocess' is not defined
2025-07-18 14:37:04,555 - ERROR - Processing failed: cannot unpack non-iterable NoneType object
2025-07-18 14:37:04,555 - INFO - 
========================================
2025-07-18 14:37:04,555 - INFO - Processing page 84/100: UBOBU_UBO8306198_277667_0084.jpg
2025-07-18 14:37:04,555 - INFO - ========================================
2025-07-18 14:37:04,579 - ERROR - Headtitle verification failed: name 'preprocess' is not defined
2025-07-18 14:37:04,748 - ERROR - Processing failed: cannot unpack non-iterable NoneType object
2025-07-18 14:37:04,748 - INFO - 
========================================
2025-07-18 14:37:04,748 - INFO - Processing page 85/100: UBOBU_UBO8306198_277667_0085.jpg
2025-07-18 14:37:04,748 - INFO - ========================================
2025-07-18 14:37:04,774 - ERROR - Headtitle verification failed: name 'preprocess' is not defined
2025-07-18 14:37:04,955 - ERROR - Processing failed: cannot unpack non-iterable NoneType object
2025-07-18 14:37:04,955 - INFO - 
========================================
2025-07-18 14:37:04,955 - INFO - Processing page 86/100: UBOBU_UBO8306198_277667_0086.jpg
2025-07-18 14:37:04,956 - INFO - ========================================
2025-07-18 14:37:04,982 - ERROR - Headtitle verification failed: name 'preprocess' is not defined
2025-07-18 14:37:05,162 - ERROR - Processing failed: cannot unpack non-iterable NoneType object
2025-07-18 14:37:05,162 - INFO - 
========================================
2025-07-18 14:37:05,162 - INFO - Processing page 87/100: UBOBU_UBO8306198_277667_0087.jpg
2025-07-18 14:37:05,163 - INFO - ========================================
2025-07-18 14:37:05,185 - ERROR - Headtitle verification failed: name 'preprocess' is not defined
2025-07-18 14:37:05,340 - ERROR - Processing failed: cannot unpack non-iterable NoneType object
2025-07-18 14:37:05,352 - INFO - 
========================================
2025-07-18 14:37:05,352 - INFO - Processing page 88/100: UBOBU_UBO8306198_277667_0088.jpg
2025-07-18 14:37:05,352 - INFO - ========================================
2025-07-18 14:37:05,371 - ERROR - Headtitle verification failed: name 'preprocess' is not defined
2025-07-18 14:37:05,550 - ERROR - Processing failed: cannot unpack non-iterable NoneType object
2025-07-18 14:37:05,550 - INFO - 
========================================
2025-07-18 14:37:05,550 - INFO - Processing page 89/100: UBOBU_UBO8306198_277667_0089.jpg
2025-07-18 14:37:05,550 - INFO - ========================================
2025-07-18 14:37:05,562 - ERROR - Headtitle verification failed: name 'preprocess' is not defined
2025-07-18 14:37:05,849 - ERROR - Processing failed: cannot unpack non-iterable NoneType object
2025-07-18 14:37:05,850 - INFO - 
========================================
2025-07-18 14:37:05,850 - INFO - Processing page 90/100: UBOBU_UBO8306198_277667_0090.jpg
2025-07-18 14:37:05,850 - INFO - ========================================
2025-07-18 14:37:05,878 - ERROR - Headtitle verification failed: name 'preprocess' is not defined
2025-07-18 14:37:06,038 - ERROR - Processing failed: cannot unpack non-iterable NoneType object
2025-07-18 14:37:06,038 - INFO - 
========================================
2025-07-18 14:37:06,038 - INFO - Processing page 91/100: UBOBU_UBO8306198_277667_0091.jpg
2025-07-18 14:37:06,038 - INFO - ========================================
2025-07-18 14:37:06,063 - ERROR - Headtitle verification failed: name 'preprocess' is not defined
2025-07-18 14:37:06,206 - ERROR - Processing failed: cannot unpack non-iterable NoneType object
2025-07-18 14:37:06,206 - INFO - 
========================================
2025-07-18 14:37:06,206 - INFO - Processing page 92/100: UBOBU_UBO8306198_277667_0092.jpg
2025-07-18 14:37:06,206 - INFO - ========================================
2025-07-18 14:37:06,238 - ERROR - Headtitle verification failed: name 'preprocess' is not defined
2025-07-18 14:37:06,399 - ERROR - Processing failed: cannot unpack non-iterable NoneType object
2025-07-18 14:37:06,399 - INFO - 
========================================
2025-07-18 14:37:06,399 - INFO - Processing page 93/100: UBOBU_UBO8306198_277667_0093.jpg
2025-07-18 14:37:06,399 - INFO - ========================================
2025-07-18 14:37:06,427 - ERROR - Headtitle verification failed: name 'preprocess' is not defined
2025-07-18 14:37:06,587 - ERROR - Processing failed: cannot unpack non-iterable NoneType object
2025-07-18 14:37:06,587 - INFO - 
========================================
2025-07-18 14:37:06,587 - INFO - Processing page 94/100: UBOBU_UBO8306198_277667_0094.jpg
2025-07-18 14:37:06,588 - INFO - ========================================
2025-07-18 14:37:06,610 - ERROR - Headtitle verification failed: name 'preprocess' is not defined
2025-07-18 14:37:06,774 - ERROR - Processing failed: cannot unpack non-iterable NoneType object
2025-07-18 14:37:06,774 - INFO - 
========================================
2025-07-18 14:37:06,774 - INFO - Processing page 95/100: UBOBU_UBO8306198_277667_0095.jpg
2025-07-18 14:37:06,774 - INFO - ========================================
2025-07-18 14:37:06,799 - ERROR - Headtitle verification failed: name 'preprocess' is not defined
2025-07-18 14:37:06,943 - ERROR - Processing failed: cannot unpack non-iterable NoneType object
2025-07-18 14:37:06,943 - INFO - 
========================================
2025-07-18 14:37:06,943 - INFO - Processing page 96/100: UBOBU_UBO8306198_277667_0096.jpg
2025-07-18 14:37:06,943 - INFO - ========================================
2025-07-18 14:37:06,968 - ERROR - Headtitle verification failed: name 'preprocess' is not defined
2025-07-18 14:37:07,125 - ERROR - Processing failed: cannot unpack non-iterable NoneType object
2025-07-18 14:37:07,125 - INFO - 
========================================
2025-07-18 14:37:07,125 - INFO - Processing page 97/100: UBOBU_UBO8306198_277667_0097.jpg
2025-07-18 14:37:07,126 - INFO - ========================================
2025-07-18 14:37:07,149 - ERROR - Headtitle verification failed: name 'preprocess' is not defined
2025-07-18 14:37:07,292 - ERROR - Processing failed: cannot unpack non-iterable NoneType object
2025-07-18 14:37:07,292 - INFO - 
========================================
2025-07-18 14:37:07,292 - INFO - Processing page 98/100: UBOBU_UBO8306198_277667_0098.jpg
2025-07-18 14:37:07,292 - INFO - ========================================
2025-07-18 14:37:07,320 - ERROR - Headtitle verification failed: name 'preprocess' is not defined
2025-07-18 14:37:07,472 - ERROR - Processing failed: cannot unpack non-iterable NoneType object
2025-07-18 14:37:07,472 - INFO - 
========================================
2025-07-18 14:37:07,472 - INFO - Processing page 99/100: UBOBU_UBO8306198_277667_0099.jpg
2025-07-18 14:37:07,472 - INFO - ========================================
2025-07-18 14:37:07,497 - ERROR - Headtitle verification failed: name 'preprocess' is not defined
2025-07-18 14:37:07,652 - ERROR - Processing failed: cannot unpack non-iterable NoneType object
2025-07-18 14:37:07,652 - INFO - 
========================================
2025-07-18 14:37:07,652 - INFO - Processing page 100/100: UBOBU_UBO8306198_277667_0100.jpg
2025-07-18 14:37:07,659 - INFO - ========================================
2025-07-18 14:37:07,683 - ERROR - Headtitle verification failed: name 'preprocess' is not defined
2025-07-18 14:37:07,830 - ERROR - Processing failed: cannot unpack non-iterable NoneType object
2025-07-18 14:37:07,830 - INFO - Results saved to: C:\Users\Lucrezia\Documents\GitHub\TOME-hnp\experiments_l\output\extraction_output.json
2025-07-18 14:38:15,805 - ERROR - Error processing catalog: junk after document element: line 3, column 2
2025-07-18 14:38:15,806 - INFO - Tesseract configured successfully
2025-07-18 14:38:15,814 - INFO - Found 100 images to process
2025-07-18 14:38:15,816 - INFO - 
========================================
2025-07-18 14:38:15,816 - INFO - Processing page 1/100: UBOBU_UBO8306198_277667_0001.jpg
2025-07-18 14:38:15,817 - INFO - ========================================
2025-07-18 14:38:17,436 - INFO - Use pytorch device_name: cpu
2025-07-18 14:38:17,452 - INFO - Load pretrained SentenceTransformer: clip-ViT-B-32
2025-07-18 14:38:20,676 - INFO - Multimodal model loaded successfully
2025-07-18 14:38:20,927 - ERROR - Processing failed: cannot unpack non-iterable NoneType object
2025-07-18 14:38:20,927 - INFO - 
========================================
2025-07-18 14:38:20,927 - INFO - Processing page 2/100: UBOBU_UBO8306198_277667_0002.jpg
2025-07-18 14:38:20,927 - INFO - ========================================
2025-07-18 14:38:22,282 - ERROR - Processing failed: cannot unpack non-iterable NoneType object
2025-07-18 14:38:22,282 - INFO - 
========================================
2025-07-18 14:38:22,282 - INFO - Processing page 3/100: UBOBU_UBO8306198_277667_0003.jpg
2025-07-18 14:38:22,282 - INFO - ========================================
2025-07-18 14:38:23,895 - ERROR - Processing failed: cannot unpack non-iterable NoneType object
2025-07-18 14:38:23,895 - INFO - 
========================================
2025-07-18 14:38:23,896 - INFO - Processing page 4/100: UBOBU_UBO8306198_277667_0004.jpg
2025-07-18 14:38:23,896 - INFO - ========================================
2025-07-18 14:38:25,212 - ERROR - Processing failed: cannot unpack non-iterable NoneType object
2025-07-18 14:38:25,212 - INFO - 
========================================
2025-07-18 14:38:25,212 - INFO - Processing page 5/100: UBOBU_UBO8306198_277667_0005.jpg
2025-07-18 14:38:25,212 - INFO - ========================================
2025-07-18 14:38:26,457 - ERROR - Processing failed: cannot unpack non-iterable NoneType object
2025-07-18 14:38:26,457 - INFO - 
========================================
2025-07-18 14:38:26,457 - INFO - Processing page 6/100: UBOBU_UBO8306198_277667_0006.jpg
2025-07-18 14:38:26,457 - INFO - ========================================
2025-07-18 14:38:30,722 - ERROR - Processing failed: cannot unpack non-iterable NoneType object
2025-07-18 14:38:30,722 - INFO - 
========================================
2025-07-18 14:38:30,722 - INFO - Processing page 7/100: UBOBU_UBO8306198_277667_0007.jpg
2025-07-18 14:38:30,722 - INFO - ========================================
2025-07-18 14:38:37,468 - ERROR - Processing failed: cannot unpack non-iterable NoneType object
2025-07-18 14:38:37,468 - INFO - 
========================================
2025-07-18 14:38:37,468 - INFO - Processing page 8/100: UBOBU_UBO8306198_277667_0008.jpg
2025-07-18 14:38:37,468 - INFO - ========================================
2025-07-18 14:38:44,469 - ERROR - Processing failed: cannot unpack non-iterable NoneType object
2025-07-18 14:38:44,469 - INFO - 
========================================
2025-07-18 14:38:44,469 - INFO - Processing page 9/100: UBOBU_UBO8306198_277667_0009.jpg
2025-07-18 14:38:44,469 - INFO - ========================================
2025-07-18 14:38:51,021 - ERROR - Processing failed: cannot unpack non-iterable NoneType object
2025-07-18 14:38:51,021 - INFO - 
========================================
2025-07-18 14:38:51,021 - INFO - Processing page 10/100: UBOBU_UBO8306198_277667_0010.jpg
2025-07-18 14:38:51,021 - INFO - ========================================
2025-07-18 14:38:55,328 - ERROR - Processing failed: cannot unpack non-iterable NoneType object
2025-07-18 14:38:55,328 - INFO - 
========================================
2025-07-18 14:38:55,328 - INFO - Processing page 11/100: UBOBU_UBO8306198_277667_0011.jpg
2025-07-18 14:38:55,328 - INFO - ========================================
2025-07-18 14:39:01,536 - ERROR - Processing failed: cannot unpack non-iterable NoneType object
2025-07-18 14:39:01,536 - INFO - 
========================================
2025-07-18 14:39:01,536 - INFO - Processing page 12/100: UBOBU_UBO8306198_277667_0012.jpg
2025-07-18 14:39:01,536 - INFO - ========================================
2025-07-18 14:39:06,511 - ERROR - Processing failed: cannot unpack non-iterable NoneType object
2025-07-18 14:39:06,511 - INFO - 
========================================
2025-07-18 14:39:06,511 - INFO - Processing page 13/100: UBOBU_UBO8306198_277667_0013.jpg
2025-07-18 14:39:06,512 - INFO - ========================================
2025-07-18 14:39:13,230 - ERROR - Processing failed: cannot unpack non-iterable NoneType object
2025-07-18 14:39:13,230 - INFO - 
========================================
2025-07-18 14:39:13,230 - INFO - Processing page 14/100: UBOBU_UBO8306198_277667_0014.jpg
2025-07-18 14:39:13,230 - INFO - ========================================
2025-07-18 14:39:19,553 - ERROR - Processing failed: cannot unpack non-iterable NoneType object
2025-07-18 14:39:19,555 - INFO - 
========================================
2025-07-18 14:39:19,555 - INFO - Processing page 15/100: UBOBU_UBO8306198_277667_0015.jpg
2025-07-18 14:39:19,555 - INFO - ========================================
2025-07-18 14:39:26,089 - ERROR - Processing failed: cannot unpack non-iterable NoneType object
2025-07-18 14:39:26,089 - INFO - 
========================================
2025-07-18 14:39:26,090 - INFO - Processing page 16/100: UBOBU_UBO8306198_277667_0016.jpg
2025-07-18 14:39:26,090 - INFO - ========================================
2025-07-18 14:39:31,126 - ERROR - Processing failed: cannot unpack non-iterable NoneType object
2025-07-18 14:39:31,126 - INFO - 
========================================
2025-07-18 14:39:31,127 - INFO - Processing page 17/100: UBOBU_UBO8306198_277667_0017.jpg
2025-07-18 14:39:31,128 - INFO - ========================================
2025-07-18 14:39:37,489 - ERROR - Processing failed: cannot unpack non-iterable NoneType object
2025-07-18 14:39:37,489 - INFO - 
========================================
2025-07-18 14:39:37,489 - INFO - Processing page 18/100: UBOBU_UBO8306198_277667_0018.jpg
2025-07-18 14:39:37,490 - INFO - ========================================
2025-07-18 14:39:40,464 - ERROR - Headtitle verification failed: [WinError 32] Impossibile accedere al file. Il file  utilizzato da un altro processo: 'C:\\Users\\Lucrezia\\AppData\\Local\\Temp\\tess_7tnxae3i_input.PNG'
2025-07-18 14:39:40,633 - ERROR - Processing failed: cannot unpack non-iterable NoneType object
2025-07-18 14:39:40,633 - INFO - 
========================================
2025-07-18 14:39:40,633 - INFO - Processing page 19/100: UBOBU_UBO8306198_277667_0019.jpg
2025-07-18 14:39:40,633 - INFO - ========================================
2025-07-18 14:39:46,899 - ERROR - Processing failed: cannot unpack non-iterable NoneType object
2025-07-18 14:39:46,899 - INFO - 
========================================
2025-07-18 14:39:46,899 - INFO - Processing page 20/100: UBOBU_UBO8306198_277667_0020.jpg
2025-07-18 14:39:46,914 - INFO - ========================================
2025-07-18 14:39:58,994 - ERROR - Error processing catalog: junk after document element: line 3, column 2
2025-07-18 14:39:58,994 - INFO - Tesseract configured successfully
2025-07-18 14:39:59,010 - INFO - Found 100 images to process
2025-07-18 14:39:59,018 - INFO - 
========================================
2025-07-18 14:39:59,019 - INFO - Processing page 1/100: UBOBU_UBO8306198_277667_0001.jpg
2025-07-18 14:39:59,019 - INFO - ========================================
2025-07-18 14:40:00,495 - INFO - Use pytorch device_name: cpu
2025-07-18 14:40:00,495 - INFO - Load pretrained SentenceTransformer: clip-ViT-B-32
2025-07-18 14:40:03,845 - INFO - Multimodal model loaded successfully
2025-07-18 14:40:04,062 - ERROR - Processing failed: cannot unpack non-iterable NoneType object
2025-07-18 14:40:04,062 - INFO - 
========================================
2025-07-18 14:40:04,062 - INFO - Processing page 2/100: UBOBU_UBO8306198_277667_0002.jpg
2025-07-18 14:40:04,062 - INFO - ========================================
2025-07-18 14:40:05,456 - ERROR - Processing failed: cannot unpack non-iterable NoneType object
2025-07-18 14:40:05,458 - INFO - 
========================================
2025-07-18 14:40:05,458 - INFO - Processing page 3/100: UBOBU_UBO8306198_277667_0003.jpg
2025-07-18 14:40:05,458 - INFO - ========================================
2025-07-18 14:40:07,069 - ERROR - Processing failed: cannot unpack non-iterable NoneType object
2025-07-18 14:40:07,069 - INFO - 
========================================
2025-07-18 14:40:07,069 - INFO - Processing page 4/100: UBOBU_UBO8306198_277667_0004.jpg
2025-07-18 14:40:07,069 - INFO - ========================================
2025-07-18 14:40:08,475 - ERROR - Processing failed: cannot unpack non-iterable NoneType object
2025-07-18 14:40:08,475 - INFO - 
========================================
2025-07-18 14:40:08,475 - INFO - Processing page 5/100: UBOBU_UBO8306198_277667_0005.jpg
2025-07-18 14:40:08,477 - INFO - ========================================
2025-07-18 14:40:09,778 - ERROR - Processing failed: cannot unpack non-iterable NoneType object
2025-07-18 14:40:09,778 - INFO - 
========================================
2025-07-18 14:40:09,778 - INFO - Processing page 6/100: UBOBU_UBO8306198_277667_0006.jpg
2025-07-18 14:40:09,794 - INFO - ========================================
2025-07-18 14:40:14,050 - ERROR - Processing failed: cannot unpack non-iterable NoneType object
2025-07-18 14:40:14,050 - INFO - 
========================================
2025-07-18 14:40:14,052 - INFO - Processing page 7/100: UBOBU_UBO8306198_277667_0007.jpg
2025-07-18 14:40:14,052 - INFO - ========================================
2025-07-18 14:40:20,469 - ERROR - Processing failed: cannot unpack non-iterable NoneType object
2025-07-18 14:40:20,469 - INFO - 
========================================
2025-07-18 14:40:20,469 - INFO - Processing page 8/100: UBOBU_UBO8306198_277667_0008.jpg
2025-07-18 14:40:20,471 - INFO - ========================================
2025-07-18 14:40:27,745 - ERROR - Processing failed: cannot unpack non-iterable NoneType object
2025-07-18 14:40:27,745 - INFO - 
========================================
2025-07-18 14:40:27,745 - INFO - Processing page 9/100: UBOBU_UBO8306198_277667_0009.jpg
2025-07-18 14:40:27,745 - INFO - ========================================
2025-07-18 14:40:34,600 - ERROR - Processing failed: cannot unpack non-iterable NoneType object
2025-07-18 14:40:34,600 - INFO - 
========================================
2025-07-18 14:40:34,600 - INFO - Processing page 10/100: UBOBU_UBO8306198_277667_0010.jpg
2025-07-18 14:40:34,600 - INFO - ========================================
2025-07-18 14:40:38,870 - ERROR - Processing failed: cannot unpack non-iterable NoneType object
2025-07-18 14:40:38,870 - INFO - 
========================================
2025-07-18 14:40:38,870 - INFO - Processing page 11/100: UBOBU_UBO8306198_277667_0011.jpg
2025-07-18 14:40:38,870 - INFO - ========================================
2025-07-18 14:40:44,445 - ERROR - Processing failed: cannot unpack non-iterable NoneType object
2025-07-18 14:40:44,447 - INFO - 
========================================
2025-07-18 14:40:44,447 - INFO - Processing page 12/100: UBOBU_UBO8306198_277667_0012.jpg
2025-07-18 14:40:44,447 - INFO - ========================================
2025-07-18 14:40:49,530 - ERROR - Processing failed: cannot unpack non-iterable NoneType object
2025-07-18 14:40:49,530 - INFO - 
========================================
2025-07-18 14:40:49,530 - INFO - Processing page 13/100: UBOBU_UBO8306198_277667_0013.jpg
2025-07-18 14:40:49,530 - INFO - ========================================
2025-07-18 14:40:56,003 - ERROR - Processing failed: cannot unpack non-iterable NoneType object
2025-07-18 14:40:56,003 - INFO - 
========================================
2025-07-18 14:40:56,003 - INFO - Processing page 14/100: UBOBU_UBO8306198_277667_0014.jpg
2025-07-18 14:40:56,003 - INFO - ========================================
2025-07-18 14:41:02,499 - ERROR - Processing failed: cannot unpack non-iterable NoneType object
2025-07-18 14:41:02,499 - INFO - 
========================================
2025-07-18 14:41:02,499 - INFO - Processing page 15/100: UBOBU_UBO8306198_277667_0015.jpg
2025-07-18 14:41:02,499 - INFO - ========================================
2025-07-18 14:41:07,584 - ERROR - Processing failed: cannot unpack non-iterable NoneType object
2025-07-18 14:41:07,585 - INFO - 
========================================
2025-07-18 14:41:07,585 - INFO - Processing page 16/100: UBOBU_UBO8306198_277667_0016.jpg
2025-07-18 14:41:07,585 - INFO - ========================================
2025-07-18 14:41:11,508 - ERROR - Processing failed: cannot unpack non-iterable NoneType object
2025-07-18 14:41:11,510 - INFO - 
========================================
2025-07-18 14:41:11,510 - INFO - Processing page 17/100: UBOBU_UBO8306198_277667_0017.jpg
2025-07-18 14:41:11,510 - INFO - ========================================
2025-07-18 14:41:17,455 - ERROR - Processing failed: cannot unpack non-iterable NoneType object
2025-07-18 14:41:17,455 - INFO - 
========================================
2025-07-18 14:41:17,455 - INFO - Processing page 18/100: UBOBU_UBO8306198_277667_0018.jpg
2025-07-18 14:41:17,455 - INFO - ========================================
2025-07-18 14:41:22,129 - ERROR - Processing failed: cannot unpack non-iterable NoneType object
2025-07-18 14:41:22,129 - INFO - 
========================================
2025-07-18 14:41:22,129 - INFO - Processing page 19/100: UBOBU_UBO8306198_277667_0019.jpg
2025-07-18 14:41:22,129 - INFO - ========================================
2025-07-18 14:41:28,264 - ERROR - Processing failed: cannot unpack non-iterable NoneType object
2025-07-18 14:41:28,264 - INFO - 
========================================
2025-07-18 14:41:28,264 - INFO - Processing page 20/100: UBOBU_UBO8306198_277667_0020.jpg
2025-07-18 14:41:28,264 - INFO - ========================================
2025-07-18 14:41:33,019 - ERROR - Processing failed: cannot unpack non-iterable NoneType object
2025-07-18 14:41:33,019 - INFO - 
========================================
2025-07-18 14:41:33,019 - INFO - Processing page 21/100: UBOBU_UBO8306198_277667_0021.jpg
2025-07-18 14:41:33,019 - INFO - ========================================
2025-07-18 14:41:36,542 - ERROR - Processing failed: cannot unpack non-iterable NoneType object
2025-07-18 14:41:36,542 - INFO - 
========================================
2025-07-18 14:41:36,542 - INFO - Processing page 22/100: UBOBU_UBO8306198_277667_0022.jpg
2025-07-18 14:41:36,542 - INFO - ========================================
2025-07-18 14:41:40,535 - ERROR - Processing failed: cannot unpack non-iterable NoneType object
2025-07-18 14:41:40,535 - INFO - 
========================================
2025-07-18 14:41:40,535 - INFO - Processing page 23/100: UBOBU_UBO8306198_277667_0023.jpg
2025-07-18 14:41:40,535 - INFO - ========================================
2025-07-18 14:41:46,360 - ERROR - Processing failed: cannot unpack non-iterable NoneType object
2025-07-18 14:41:46,360 - INFO - 
========================================
2025-07-18 14:41:46,360 - INFO - Processing page 24/100: UBOBU_UBO8306198_277667_0024.jpg
2025-07-18 14:41:46,360 - INFO - ========================================
2025-07-18 14:41:51,267 - ERROR - Processing failed: cannot unpack non-iterable NoneType object
2025-07-18 14:41:51,267 - INFO - 
========================================
2025-07-18 14:41:51,269 - INFO - Processing page 25/100: UBOBU_UBO8306198_277667_0025.jpg
2025-07-18 14:41:51,269 - INFO - ========================================
2025-07-18 14:41:56,674 - ERROR - Processing failed: cannot unpack non-iterable NoneType object
2025-07-18 14:41:56,674 - INFO - 
========================================
2025-07-18 14:41:56,674 - INFO - Processing page 26/100: UBOBU_UBO8306198_277667_0026.jpg
2025-07-18 14:41:56,674 - INFO - ========================================
2025-07-18 14:42:01,910 - ERROR - Processing failed: cannot unpack non-iterable NoneType object
2025-07-18 14:42:01,910 - INFO - 
========================================
2025-07-18 14:42:01,910 - INFO - Processing page 27/100: UBOBU_UBO8306198_277667_0027.jpg
2025-07-18 14:42:01,910 - INFO - ========================================
2025-07-18 14:42:06,952 - ERROR - Processing failed: cannot unpack non-iterable NoneType object
2025-07-18 14:42:06,952 - INFO - 
========================================
2025-07-18 14:42:06,952 - INFO - Processing page 28/100: UBOBU_UBO8306198_277667_0028.jpg
2025-07-18 14:42:06,952 - INFO - ========================================
2025-07-18 14:42:12,586 - ERROR - Processing failed: cannot unpack non-iterable NoneType object
2025-07-18 14:42:12,586 - INFO - 
========================================
2025-07-18 14:42:12,586 - INFO - Processing page 29/100: UBOBU_UBO8306198_277667_0029.jpg
2025-07-18 14:42:12,586 - INFO - ========================================
2025-07-18 14:42:16,767 - ERROR - Processing failed: cannot unpack non-iterable NoneType object
2025-07-18 14:42:16,769 - INFO - 
========================================
2025-07-18 14:42:16,769 - INFO - Processing page 30/100: UBOBU_UBO8306198_277667_0030.jpg
2025-07-18 14:42:16,769 - INFO - ========================================
2025-07-18 14:42:21,941 - ERROR - Processing failed: cannot unpack non-iterable NoneType object
2025-07-18 14:42:21,941 - INFO - 
========================================
2025-07-18 14:42:21,941 - INFO - Processing page 31/100: UBOBU_UBO8306198_277667_0031.jpg
2025-07-18 14:42:21,941 - INFO - ========================================
2025-07-18 14:42:28,149 - ERROR - Processing failed: cannot unpack non-iterable NoneType object
2025-07-18 14:42:28,149 - INFO - 
========================================
2025-07-18 14:42:28,149 - INFO - Processing page 32/100: UBOBU_UBO8306198_277667_0032.jpg
2025-07-18 14:42:28,149 - INFO - ========================================
2025-07-18 14:42:32,484 - ERROR - Processing failed: cannot unpack non-iterable NoneType object
2025-07-18 14:42:32,484 - INFO - 
========================================
2025-07-18 14:42:32,484 - INFO - Processing page 33/100: UBOBU_UBO8306198_277667_0033.jpg
2025-07-18 14:42:32,484 - INFO - ========================================
2025-07-18 14:42:39,143 - ERROR - Processing failed: cannot unpack non-iterable NoneType object
2025-07-18 14:42:39,143 - INFO - 
========================================
2025-07-18 14:42:39,144 - INFO - Processing page 34/100: UBOBU_UBO8306198_277667_0034.jpg
2025-07-18 14:42:39,144 - INFO - ========================================
2025-07-18 14:42:45,044 - ERROR - Processing failed: cannot unpack non-iterable NoneType object
2025-07-18 14:42:45,044 - INFO - 
========================================
2025-07-18 14:42:45,044 - INFO - Processing page 35/100: UBOBU_UBO8306198_277667_0035.jpg
2025-07-18 14:42:45,044 - INFO - ========================================
2025-07-18 14:42:49,380 - ERROR - Processing failed: cannot unpack non-iterable NoneType object
2025-07-18 14:42:49,380 - INFO - 
========================================
2025-07-18 14:42:49,380 - INFO - Processing page 36/100: UBOBU_UBO8306198_277667_0036.jpg
2025-07-18 14:42:49,380 - INFO - ========================================
2025-07-18 14:42:54,065 - ERROR - Processing failed: cannot unpack non-iterable NoneType object
2025-07-18 14:42:54,066 - INFO - 
========================================
2025-07-18 14:42:54,066 - INFO - Processing page 37/100: UBOBU_UBO8306198_277667_0037.jpg
2025-07-18 14:42:54,066 - INFO - ========================================
2025-07-18 14:43:00,282 - ERROR - Processing failed: cannot unpack non-iterable NoneType object
2025-07-18 14:43:00,282 - INFO - 
========================================
2025-07-18 14:43:00,282 - INFO - Processing page 38/100: UBOBU_UBO8306198_277667_0038.jpg
2025-07-18 14:43:00,282 - INFO - ========================================
2025-07-18 14:43:05,076 - ERROR - Processing failed: cannot unpack non-iterable NoneType object
2025-07-18 14:43:05,076 - INFO - 
========================================
2025-07-18 14:43:05,076 - INFO - Processing page 39/100: UBOBU_UBO8306198_277667_0039.jpg
2025-07-18 14:43:05,078 - INFO - ========================================
2025-07-18 14:43:11,599 - ERROR - Processing failed: cannot unpack non-iterable NoneType object
2025-07-18 14:43:11,599 - INFO - 
========================================
2025-07-18 14:43:11,599 - INFO - Processing page 40/100: UBOBU_UBO8306198_277667_0040.jpg
2025-07-18 14:43:11,599 - INFO - ========================================
2025-07-18 14:43:17,839 - ERROR - Processing failed: cannot unpack non-iterable NoneType object
2025-07-18 14:43:17,839 - INFO - 
========================================
2025-07-18 14:43:17,839 - INFO - Processing page 41/100: UBOBU_UBO8306198_277667_0041.jpg
2025-07-18 14:43:17,839 - INFO - ========================================
2025-07-18 14:43:22,008 - ERROR - Processing failed: cannot unpack non-iterable NoneType object
2025-07-18 14:43:22,008 - INFO - 
========================================
2025-07-18 14:43:22,008 - INFO - Processing page 42/100: UBOBU_UBO8306198_277667_0042.jpg
2025-07-18 14:43:22,008 - INFO - ========================================
2025-07-18 14:43:26,887 - ERROR - Processing failed: cannot unpack non-iterable NoneType object
2025-07-18 14:43:26,887 - INFO - 
========================================
2025-07-18 14:43:26,887 - INFO - Processing page 43/100: UBOBU_UBO8306198_277667_0043.jpg
2025-07-18 14:43:26,887 - INFO - ========================================
2025-07-18 14:43:32,157 - ERROR - Processing failed: cannot unpack non-iterable NoneType object
2025-07-18 14:43:32,157 - INFO - 
========================================
2025-07-18 14:43:32,157 - INFO - Processing page 44/100: UBOBU_UBO8306198_277667_0044.jpg
2025-07-18 14:43:32,157 - INFO - ========================================
2025-07-18 14:43:37,440 - ERROR - Processing failed: cannot unpack non-iterable NoneType object
2025-07-18 14:43:37,440 - INFO - 
========================================
2025-07-18 14:43:37,440 - INFO - Processing page 45/100: UBOBU_UBO8306198_277667_0045.jpg
2025-07-18 14:43:37,440 - INFO - ========================================
2025-07-18 14:43:44,186 - ERROR - Processing failed: cannot unpack non-iterable NoneType object
2025-07-18 14:43:44,186 - INFO - 
========================================
2025-07-18 14:43:44,186 - INFO - Processing page 46/100: UBOBU_UBO8306198_277667_0046.jpg
2025-07-18 14:43:44,186 - INFO - ========================================
2025-07-18 14:43:49,829 - ERROR - Processing failed: cannot unpack non-iterable NoneType object
2025-07-18 14:43:49,829 - INFO - 
========================================
2025-07-18 14:43:49,829 - INFO - Processing page 47/100: UBOBU_UBO8306198_277667_0047.jpg
2025-07-18 14:43:49,829 - INFO - ========================================
2025-07-18 14:43:56,236 - ERROR - Processing failed: cannot unpack non-iterable NoneType object
2025-07-18 14:43:56,236 - INFO - 
========================================
2025-07-18 14:43:56,236 - INFO - Processing page 48/100: UBOBU_UBO8306198_277667_0048.jpg
2025-07-18 14:43:56,236 - INFO - ========================================
2025-07-18 14:44:05,510 - ERROR - Processing failed: cannot unpack non-iterable NoneType object
2025-07-18 14:44:05,510 - INFO - 
========================================
2025-07-18 14:44:05,510 - INFO - Processing page 49/100: UBOBU_UBO8306198_277667_0049.jpg
2025-07-18 14:44:05,510 - INFO - ========================================
2025-07-18 14:44:11,303 - ERROR - Processing failed: cannot unpack non-iterable NoneType object
2025-07-18 14:44:11,305 - INFO - 
========================================
2025-07-18 14:44:11,305 - INFO - Processing page 50/100: UBOBU_UBO8306198_277667_0050.jpg
2025-07-18 14:44:11,305 - INFO - ========================================
2025-07-18 14:44:19,674 - ERROR - Processing failed: cannot unpack non-iterable NoneType object
2025-07-18 14:44:19,676 - INFO - 
========================================
2025-07-18 14:44:19,676 - INFO - Processing page 51/100: UBOBU_UBO8306198_277667_0051.jpg
2025-07-18 14:44:19,676 - INFO - ========================================
2025-07-18 14:44:23,598 - ERROR - Processing failed: cannot unpack non-iterable NoneType object
2025-07-18 14:44:23,598 - INFO - 
========================================
2025-07-18 14:44:23,598 - INFO - Processing page 52/100: UBOBU_UBO8306198_277667_0052.jpg
2025-07-18 14:44:23,598 - INFO - ========================================
2025-07-18 14:44:28,579 - ERROR - Processing failed: cannot unpack non-iterable NoneType object
2025-07-18 14:44:28,579 - INFO - 
========================================
2025-07-18 14:44:28,581 - INFO - Processing page 53/100: UBOBU_UBO8306198_277667_0053.jpg
2025-07-18 14:44:28,581 - INFO - ========================================
2025-07-18 14:44:34,107 - ERROR - Processing failed: cannot unpack non-iterable NoneType object
2025-07-18 14:44:34,107 - INFO - 
========================================
2025-07-18 14:44:34,109 - INFO - Processing page 54/100: UBOBU_UBO8306198_277667_0054.jpg
2025-07-18 14:44:34,109 - INFO - ========================================
2025-07-18 14:44:38,920 - ERROR - Processing failed: cannot unpack non-iterable NoneType object
2025-07-18 14:44:38,920 - INFO - 
========================================
2025-07-18 14:44:38,920 - INFO - Processing page 55/100: UBOBU_UBO8306198_277667_0055.jpg
2025-07-18 14:44:38,920 - INFO - ========================================
2025-07-18 14:44:44,135 - ERROR - Processing failed: cannot unpack non-iterable NoneType object
2025-07-18 14:44:44,135 - INFO - 
========================================
2025-07-18 14:44:44,135 - INFO - Processing page 56/100: UBOBU_UBO8306198_277667_0056.jpg
2025-07-18 14:44:44,135 - INFO - ========================================
2025-07-18 14:44:49,214 - ERROR - Processing failed: cannot unpack non-iterable NoneType object
2025-07-18 14:44:49,214 - INFO - 
========================================
2025-07-18 14:44:49,214 - INFO - Processing page 57/100: UBOBU_UBO8306198_277667_0057.jpg
2025-07-18 14:44:49,214 - INFO - ========================================
2025-07-18 14:44:55,933 - ERROR - Processing failed: cannot unpack non-iterable NoneType object
2025-07-18 14:44:55,933 - INFO - 
========================================
2025-07-18 14:44:55,933 - INFO - Processing page 58/100: UBOBU_UBO8306198_277667_0058.jpg
2025-07-18 14:44:55,933 - INFO - ========================================
2025-07-18 14:45:02,934 - ERROR - Processing failed: cannot unpack non-iterable NoneType object
2025-07-18 14:45:02,934 - INFO - 
========================================
2025-07-18 14:45:02,934 - INFO - Processing page 59/100: UBOBU_UBO8306198_277667_0059.jpg
2025-07-18 14:45:02,934 - INFO - ========================================
2025-07-18 14:45:08,533 - ERROR - Processing failed: cannot unpack non-iterable NoneType object
2025-07-18 14:45:08,533 - INFO - 
========================================
2025-07-18 14:45:08,533 - INFO - Processing page 60/100: UBOBU_UBO8306198_277667_0060.jpg
2025-07-18 14:45:08,535 - INFO - ========================================
2025-07-18 14:45:13,300 - ERROR - Processing failed: cannot unpack non-iterable NoneType object
2025-07-18 14:45:13,300 - INFO - 
========================================
2025-07-18 14:45:13,302 - INFO - Processing page 61/100: UBOBU_UBO8306198_277667_0061.jpg
2025-07-18 14:45:13,302 - INFO - ========================================
2025-07-18 14:45:17,784 - ERROR - Processing failed: cannot unpack non-iterable NoneType object
2025-07-18 14:45:17,784 - INFO - 
========================================
2025-07-18 14:45:17,784 - INFO - Processing page 62/100: UBOBU_UBO8306198_277667_0062.jpg
2025-07-18 14:45:17,786 - INFO - ========================================
2025-07-18 14:45:23,985 - ERROR - Processing failed: cannot unpack non-iterable NoneType object
2025-07-18 14:45:23,985 - INFO - 
========================================
2025-07-18 14:45:23,985 - INFO - Processing page 63/100: UBOBU_UBO8306198_277667_0063.jpg
2025-07-18 14:45:23,985 - INFO - ========================================
2025-07-18 14:45:28,143 - ERROR - Processing failed: cannot unpack non-iterable NoneType object
2025-07-18 14:45:28,143 - INFO - 
========================================
2025-07-18 14:45:28,143 - INFO - Processing page 64/100: UBOBU_UBO8306198_277667_0064.jpg
2025-07-18 14:45:28,143 - INFO - ========================================
2025-07-18 14:45:32,676 - ERROR - Processing failed: cannot unpack non-iterable NoneType object
2025-07-18 14:45:32,677 - INFO - 
========================================
2025-07-18 14:45:32,677 - INFO - Processing page 65/100: UBOBU_UBO8306198_277667_0065.jpg
2025-07-18 14:45:32,677 - INFO - ========================================
2025-07-18 14:45:39,247 - ERROR - Processing failed: cannot unpack non-iterable NoneType object
2025-07-18 14:45:39,247 - INFO - 
========================================
2025-07-18 14:45:39,247 - INFO - Processing page 66/100: UBOBU_UBO8306198_277667_0066.jpg
2025-07-18 14:45:39,247 - INFO - ========================================
2025-07-18 14:45:44,974 - ERROR - Processing failed: cannot unpack non-iterable NoneType object
2025-07-18 14:45:44,976 - INFO - 
========================================
2025-07-18 14:45:44,976 - INFO - Processing page 67/100: UBOBU_UBO8306198_277667_0067.jpg
2025-07-18 14:45:44,976 - INFO - ========================================
2025-07-18 14:45:50,216 - ERROR - Processing failed: cannot unpack non-iterable NoneType object
2025-07-18 14:45:50,216 - INFO - 
========================================
2025-07-18 14:45:50,216 - INFO - Processing page 68/100: UBOBU_UBO8306198_277667_0068.jpg
2025-07-18 14:45:50,216 - INFO - ========================================
2025-07-18 14:45:54,583 - ERROR - Processing failed: cannot unpack non-iterable NoneType object
2025-07-18 14:45:54,583 - INFO - 
========================================
2025-07-18 14:45:54,583 - INFO - Processing page 69/100: UBOBU_UBO8306198_277667_0069.jpg
2025-07-18 14:45:54,583 - INFO - ========================================
2025-07-18 14:46:02,208 - ERROR - Processing failed: cannot unpack non-iterable NoneType object
2025-07-18 14:46:02,208 - INFO - 
========================================
2025-07-18 14:46:02,208 - INFO - Processing page 70/100: UBOBU_UBO8306198_277667_0070.jpg
2025-07-18 14:46:02,208 - INFO - ========================================
2025-07-18 14:46:06,632 - ERROR - Processing failed: cannot unpack non-iterable NoneType object
2025-07-18 14:46:06,632 - INFO - 
========================================
2025-07-18 14:46:06,632 - INFO - Processing page 71/100: UBOBU_UBO8306198_277667_0071.jpg
2025-07-18 14:46:06,632 - INFO - ========================================
2025-07-18 14:46:13,069 - ERROR - Processing failed: cannot unpack non-iterable NoneType object
2025-07-18 14:46:13,069 - INFO - 
========================================
2025-07-18 14:46:13,069 - INFO - Processing page 72/100: UBOBU_UBO8306198_277667_0072.jpg
2025-07-18 14:46:13,069 - INFO - ========================================
2025-07-18 14:46:18,064 - ERROR - Processing failed: cannot unpack non-iterable NoneType object
2025-07-18 14:46:18,064 - INFO - 
========================================
2025-07-18 14:46:18,064 - INFO - Processing page 73/100: UBOBU_UBO8306198_277667_0073.jpg
2025-07-18 14:46:18,064 - INFO - ========================================
2025-07-18 14:46:25,019 - ERROR - Processing failed: cannot unpack non-iterable NoneType object
2025-07-18 14:46:25,020 - INFO - 
========================================
2025-07-18 14:46:25,020 - INFO - Processing page 74/100: UBOBU_UBO8306198_277667_0074.jpg
2025-07-18 14:46:25,020 - INFO - ========================================
2025-07-18 14:46:29,228 - ERROR - Processing failed: cannot unpack non-iterable NoneType object
2025-07-18 14:46:29,228 - INFO - 
========================================
2025-07-18 14:46:29,230 - INFO - Processing page 75/100: UBOBU_UBO8306198_277667_0075.jpg
2025-07-18 14:46:29,230 - INFO - ========================================
2025-07-18 14:46:34,528 - ERROR - Processing failed: cannot unpack non-iterable NoneType object
2025-07-18 14:46:34,528 - INFO - 
========================================
2025-07-18 14:46:34,529 - INFO - Processing page 76/100: UBOBU_UBO8306198_277667_0076.jpg
2025-07-18 14:46:34,529 - INFO - ========================================
2025-07-18 14:46:38,731 - ERROR - Processing failed: cannot unpack non-iterable NoneType object
2025-07-18 14:46:38,731 - INFO - 
========================================
2025-07-18 14:46:38,731 - INFO - Processing page 77/100: UBOBU_UBO8306198_277667_0077.jpg
2025-07-18 14:46:38,731 - INFO - ========================================
2025-07-18 14:46:44,677 - ERROR - Processing failed: cannot unpack non-iterable NoneType object
2025-07-18 14:46:44,677 - INFO - 
========================================
2025-07-18 14:46:44,677 - INFO - Processing page 78/100: UBOBU_UBO8306198_277667_0078.jpg
2025-07-18 14:46:44,677 - INFO - ========================================
2025-07-18 14:46:49,478 - ERROR - Processing failed: cannot unpack non-iterable NoneType object
2025-07-18 14:46:49,478 - INFO - 
========================================
2025-07-18 14:46:49,478 - INFO - Processing page 79/100: UBOBU_UBO8306198_277667_0079.jpg
2025-07-18 14:46:49,478 - INFO - ========================================
2025-07-18 14:46:55,795 - ERROR - Processing failed: cannot unpack non-iterable NoneType object
2025-07-18 14:46:55,795 - INFO - 
========================================
2025-07-18 14:46:55,797 - INFO - Processing page 80/100: UBOBU_UBO8306198_277667_0080.jpg
2025-07-18 14:46:55,797 - INFO - ========================================
2025-07-18 14:47:01,739 - ERROR - Processing failed: cannot unpack non-iterable NoneType object
2025-07-18 14:47:01,739 - INFO - 
========================================
2025-07-18 14:47:01,739 - INFO - Processing page 81/100: UBOBU_UBO8306198_277667_0081.jpg
2025-07-18 14:47:01,741 - INFO - ========================================
2025-07-18 14:47:05,534 - ERROR - Processing failed: cannot unpack non-iterable NoneType object
2025-07-18 14:47:05,535 - INFO - 
========================================
2025-07-18 14:47:05,535 - INFO - Processing page 82/100: UBOBU_UBO8306198_277667_0082.jpg
2025-07-18 14:47:05,535 - INFO - ========================================
2025-07-18 14:47:10,395 - ERROR - Processing failed: cannot unpack non-iterable NoneType object
2025-07-18 14:47:10,395 - INFO - 
========================================
2025-07-18 14:47:10,395 - INFO - Processing page 83/100: UBOBU_UBO8306198_277667_0083.jpg
2025-07-18 14:47:10,395 - INFO - ========================================
2025-07-18 14:47:15,978 - ERROR - Processing failed: cannot unpack non-iterable NoneType object
2025-07-18 14:47:15,978 - INFO - 
========================================
2025-07-18 14:47:15,978 - INFO - Processing page 84/100: UBOBU_UBO8306198_277667_0084.jpg
2025-07-18 14:47:15,978 - INFO - ========================================
2025-07-18 14:47:19,652 - ERROR - Processing failed: cannot unpack non-iterable NoneType object
2025-07-18 14:47:19,652 - INFO - 
========================================
2025-07-18 14:47:19,652 - INFO - Processing page 85/100: UBOBU_UBO8306198_277667_0085.jpg
2025-07-18 14:47:19,652 - INFO - ========================================
2025-07-18 14:47:24,809 - ERROR - Processing failed: cannot unpack non-iterable NoneType object
2025-07-18 14:47:24,809 - INFO - 
========================================
2025-07-18 14:47:24,809 - INFO - Processing page 86/100: UBOBU_UBO8306198_277667_0086.jpg
2025-07-18 14:47:24,811 - INFO - ========================================
2025-07-18 14:47:30,050 - ERROR - Processing failed: cannot unpack non-iterable NoneType object
2025-07-18 14:47:30,050 - INFO - 
========================================
2025-07-18 14:47:30,051 - INFO - Processing page 87/100: UBOBU_UBO8306198_277667_0087.jpg
2025-07-18 14:47:30,051 - INFO - ========================================
2025-07-18 14:47:35,653 - ERROR - Processing failed: cannot unpack non-iterable NoneType object
2025-07-18 14:47:35,653 - INFO - 
========================================
2025-07-18 14:47:35,653 - INFO - Processing page 88/100: UBOBU_UBO8306198_277667_0088.jpg
2025-07-18 14:47:35,653 - INFO - ========================================
2025-07-18 14:47:39,156 - ERROR - Processing failed: cannot unpack non-iterable NoneType object
2025-07-18 14:47:39,156 - INFO - 
========================================
2025-07-18 14:47:39,156 - INFO - Processing page 89/100: UBOBU_UBO8306198_277667_0089.jpg
2025-07-18 14:47:39,156 - INFO - ========================================
2025-07-18 14:47:44,908 - ERROR - Processing failed: cannot unpack non-iterable NoneType object
2025-07-18 14:47:44,908 - INFO - 
========================================
2025-07-18 14:47:44,908 - INFO - Processing page 90/100: UBOBU_UBO8306198_277667_0090.jpg
2025-07-18 14:47:44,908 - INFO - ========================================
2025-07-18 14:47:49,539 - ERROR - Processing failed: cannot unpack non-iterable NoneType object
2025-07-18 14:47:49,539 - INFO - 
========================================
2025-07-18 14:47:49,539 - INFO - Processing page 91/100: UBOBU_UBO8306198_277667_0091.jpg
2025-07-18 14:47:49,540 - INFO - ========================================
2025-07-18 14:47:54,599 - ERROR - Processing failed: cannot unpack non-iterable NoneType object
2025-07-18 14:47:54,599 - INFO - 
========================================
2025-07-18 14:47:54,599 - INFO - Processing page 92/100: UBOBU_UBO8306198_277667_0092.jpg
2025-07-18 14:47:54,599 - INFO - ========================================
2025-07-18 14:47:59,400 - ERROR - Processing failed: cannot unpack non-iterable NoneType object
2025-07-18 14:47:59,400 - INFO - 
========================================
2025-07-18 14:47:59,400 - INFO - Processing page 93/100: UBOBU_UBO8306198_277667_0093.jpg
2025-07-18 14:47:59,400 - INFO - ========================================
2025-07-18 14:48:06,179 - ERROR - Processing failed: cannot unpack non-iterable NoneType object
2025-07-18 14:48:06,181 - INFO - 
========================================
2025-07-18 14:48:06,181 - INFO - Processing page 94/100: UBOBU_UBO8306198_277667_0094.jpg
2025-07-18 14:48:06,181 - INFO - ========================================
2025-07-18 14:48:10,912 - ERROR - Processing failed: cannot unpack non-iterable NoneType object
2025-07-18 14:48:10,912 - INFO - 
========================================
2025-07-18 14:48:10,912 - INFO - Processing page 95/100: UBOBU_UBO8306198_277667_0095.jpg
2025-07-18 14:48:10,912 - INFO - ========================================
2025-07-18 14:48:15,946 - ERROR - Processing failed: cannot unpack non-iterable NoneType object
2025-07-18 14:48:15,946 - INFO - 
========================================
2025-07-18 14:48:15,946 - INFO - Processing page 96/100: UBOBU_UBO8306198_277667_0096.jpg
2025-07-18 14:48:15,946 - INFO - ========================================
2025-07-18 14:48:20,357 - ERROR - Processing failed: cannot unpack non-iterable NoneType object
2025-07-18 14:48:20,357 - INFO - 
========================================
2025-07-18 14:48:20,357 - INFO - Processing page 97/100: UBOBU_UBO8306198_277667_0097.jpg
2025-07-18 14:48:20,357 - INFO - ========================================
2025-07-18 14:48:27,752 - ERROR - Processing failed: cannot unpack non-iterable NoneType object
2025-07-18 14:48:27,752 - INFO - 
========================================
2025-07-18 14:48:27,752 - INFO - Processing page 98/100: UBOBU_UBO8306198_277667_0098.jpg
2025-07-18 14:48:27,752 - INFO - ========================================
2025-07-18 14:48:32,065 - ERROR - Processing failed: cannot unpack non-iterable NoneType object
2025-07-18 14:48:32,065 - INFO - 
========================================
2025-07-18 14:48:32,065 - INFO - Processing page 99/100: UBOBU_UBO8306198_277667_0099.jpg
2025-07-18 14:48:32,065 - INFO - ========================================
2025-07-18 14:48:38,329 - ERROR - Processing failed: cannot unpack non-iterable NoneType object
2025-07-18 14:48:38,329 - INFO - 
========================================
2025-07-18 14:48:38,329 - INFO - Processing page 100/100: UBOBU_UBO8306198_277667_0100.jpg
2025-07-18 14:48:38,329 - INFO - ========================================
2025-07-18 14:48:43,291 - ERROR - Processing failed: cannot unpack non-iterable NoneType object
2025-07-18 14:48:43,295 - INFO - Results saved to: C:\Users\Lucrezia\Documents\GitHub\TOME-hnp\experiments_l\output\extraction_output.json
